TimeQuest Timing Analyzer report for exercise3
Thu Mar 17 11:28:17 2022
Quartus II 64-Bit Version 13.0.1 Build 232 06/12/2013 Service Pack 1 SJ Web Edition


---------------------
; Table of Contents ;
---------------------
  1. Legal Notice
  2. TimeQuest Timing Analyzer Summary
  3. Parallel Compilation
  4. Clocks
  5. Slow Model Fmax Summary
  6. Slow Model Setup Summary
  7. Slow Model Hold Summary
  8. Slow Model Recovery Summary
  9. Slow Model Removal Summary
 10. Slow Model Minimum Pulse Width Summary
 11. Propagation Delay
 12. Minimum Propagation Delay
 13. Fast Model Setup Summary
 14. Fast Model Hold Summary
 15. Fast Model Recovery Summary
 16. Fast Model Removal Summary
 17. Fast Model Minimum Pulse Width Summary
 18. Propagation Delay
 19. Minimum Propagation Delay
 20. Multicorner Timing Analysis Summary
 21. Progagation Delay
 22. Minimum Progagation Delay
 23. Clock Transfers
 24. Report TCCS
 25. Report RSKM
 26. Unconstrained Paths
 27. TimeQuest Timing Analyzer Messages



----------------
; Legal Notice ;
----------------
Copyright (C) 1991-2013 Altera Corporation
Your use of Altera Corporation's design tools, logic functions 
and other software and tools, and its AMPP partner logic 
functions, and any output files from any of the foregoing 
(including device programming or simulation files), and any 
associated documentation or information are expressly subject 
to the terms and conditions of the Altera Program License 
Subscription Agreement, Altera MegaCore Function License 
Agreement, or other applicable license agreement, including, 
without limitation, that your use is for the sole purpose of 
programming logic devices manufactured by Altera and sold by 
Altera or its authorized distributors.  Please refer to the 
applicable agreement for further details.



+----------------------------------------------------------------------------------------+
; TimeQuest Timing Analyzer Summary                                                      ;
+--------------------+-------------------------------------------------------------------+
; Quartus II Version ; Version 13.0.1 Build 232 06/12/2013 Service Pack 1 SJ Web Edition ;
; Revision Name      ; exercise3                                                         ;
; Device Family      ; Cyclone II                                                        ;
; Device Name        ; EP2C35F672C6                                                      ;
; Timing Models      ; Final                                                             ;
; Delay Model        ; Combined                                                          ;
; Rise/Fall Delays   ; Unavailable                                                       ;
+--------------------+-------------------------------------------------------------------+


Parallel compilation was disabled, but you have multiple processors available. Enable parallel compilation to reduce compilation time.
+-------------------------------------+
; Parallel Compilation                ;
+----------------------------+--------+
; Processors                 ; Number ;
+----------------------------+--------+
; Number detected on machine ; 4      ;
; Maximum allowed            ; 1      ;
+----------------------------+--------+


----------
; Clocks ;
----------
No clocks to report.


---------------------------
; Slow Model Fmax Summary ;
---------------------------
No paths to report.


----------------------------
; Slow Model Setup Summary ;
----------------------------
No paths to report.


---------------------------
; Slow Model Hold Summary ;
---------------------------
No paths to report.


-------------------------------
; Slow Model Recovery Summary ;
-------------------------------
No paths to report.


------------------------------
; Slow Model Removal Summary ;
------------------------------
No paths to report.


------------------------------------------
; Slow Model Minimum Pulse Width Summary ;
------------------------------------------
No paths to report.


+--------------------------------------------------------------+
; Propagation Delay                                            ;
+------------+-------------+--------+--------+--------+--------+
; Input Port ; Output Port ; RR     ; RF     ; FR     ; FF     ;
+------------+-------------+--------+--------+--------+--------+
; A[0]       ; Prod[0]     ; 8.334  ; 8.334  ; 8.334  ; 8.334  ;
; A[0]       ; Prod[1]     ; 8.097  ; 8.097  ; 8.097  ; 8.097  ;
; A[0]       ; Prod[2]     ; 8.088  ; 8.088  ; 8.088  ; 8.088  ;
; A[0]       ; Prod[3]     ; 10.374 ; 10.374 ; 10.374 ; 10.374 ;
; A[0]       ; Prod[4]     ; 8.669  ; 8.669  ; 8.669  ; 8.669  ;
; A[0]       ; Prod[5]     ; 10.598 ; 10.598 ; 10.598 ; 10.598 ;
; A[0]       ; Prod[6]     ; 8.112  ; 8.112  ; 8.112  ; 8.112  ;
; A[0]       ; Prod[7]     ; 8.082  ; 8.082  ; 8.082  ; 8.082  ;
; A[0]       ; Prod[8]     ; 8.571  ; 8.571  ; 8.571  ; 8.571  ;
; A[0]       ; Prod[9]     ; 8.107  ; 8.107  ; 8.107  ; 8.107  ;
; A[0]       ; Prod[10]    ; 8.698  ; 8.698  ; 8.698  ; 8.698  ;
; A[0]       ; Prod[11]    ; 8.292  ; 8.292  ; 8.292  ; 8.292  ;
; A[0]       ; Prod[12]    ; 8.100  ; 8.100  ; 8.100  ; 8.100  ;
; A[0]       ; Prod[13]    ; 8.085  ; 8.085  ; 8.085  ; 8.085  ;
; A[0]       ; Prod[14]    ; 8.086  ; 8.086  ; 8.086  ; 8.086  ;
; A[0]       ; Prod[15]    ; 8.119  ; 8.119  ; 8.119  ; 8.119  ;
; A[1]       ; Prod[1]     ; 8.087  ; 8.087  ; 8.087  ; 8.087  ;
; A[1]       ; Prod[2]     ; 8.078  ; 8.078  ; 8.078  ; 8.078  ;
; A[1]       ; Prod[3]     ; 10.364 ; 10.364 ; 10.364 ; 10.364 ;
; A[1]       ; Prod[4]     ; 8.659  ; 8.659  ; 8.659  ; 8.659  ;
; A[1]       ; Prod[5]     ; 10.588 ; 10.588 ; 10.588 ; 10.588 ;
; A[1]       ; Prod[6]     ; 8.102  ; 8.102  ; 8.102  ; 8.102  ;
; A[1]       ; Prod[7]     ; 8.072  ; 8.072  ; 8.072  ; 8.072  ;
; A[1]       ; Prod[8]     ; 8.561  ; 8.561  ; 8.561  ; 8.561  ;
; A[1]       ; Prod[9]     ; 8.097  ; 8.097  ; 8.097  ; 8.097  ;
; A[1]       ; Prod[10]    ; 8.688  ; 8.688  ; 8.688  ; 8.688  ;
; A[1]       ; Prod[11]    ; 8.282  ; 8.282  ; 8.282  ; 8.282  ;
; A[1]       ; Prod[12]    ; 8.090  ; 8.090  ; 8.090  ; 8.090  ;
; A[1]       ; Prod[13]    ; 8.075  ; 8.075  ; 8.075  ; 8.075  ;
; A[1]       ; Prod[14]    ; 8.076  ; 8.076  ; 8.076  ; 8.076  ;
; A[1]       ; Prod[15]    ; 8.109  ; 8.109  ; 8.109  ; 8.109  ;
; A[2]       ; Prod[2]     ; 12.350 ; 12.350 ; 12.350 ; 12.350 ;
; A[2]       ; Prod[3]     ; 14.636 ; 14.636 ; 14.636 ; 14.636 ;
; A[2]       ; Prod[4]     ; 12.931 ; 12.931 ; 12.931 ; 12.931 ;
; A[2]       ; Prod[5]     ; 14.860 ; 14.860 ; 14.860 ; 14.860 ;
; A[2]       ; Prod[6]     ; 12.374 ; 12.374 ; 12.374 ; 12.374 ;
; A[2]       ; Prod[7]     ; 12.344 ; 12.344 ; 12.344 ; 12.344 ;
; A[2]       ; Prod[8]     ; 12.833 ; 12.833 ; 12.833 ; 12.833 ;
; A[2]       ; Prod[9]     ; 12.369 ; 12.369 ; 12.369 ; 12.369 ;
; A[2]       ; Prod[10]    ; 12.960 ; 12.960 ; 12.960 ; 12.960 ;
; A[2]       ; Prod[11]    ; 12.554 ; 12.554 ; 12.554 ; 12.554 ;
; A[2]       ; Prod[12]    ; 12.362 ; 12.362 ; 12.362 ; 12.362 ;
; A[2]       ; Prod[13]    ; 12.347 ; 12.347 ; 12.347 ; 12.347 ;
; A[2]       ; Prod[14]    ; 12.348 ; 12.348 ; 12.348 ; 12.348 ;
; A[2]       ; Prod[15]    ; 12.381 ; 12.381 ; 12.381 ; 12.381 ;
; A[3]       ; Prod[3]     ; 14.388 ; 14.388 ; 14.388 ; 14.388 ;
; A[3]       ; Prod[4]     ; 12.683 ; 12.683 ; 12.683 ; 12.683 ;
; A[3]       ; Prod[5]     ; 14.612 ; 14.612 ; 14.612 ; 14.612 ;
; A[3]       ; Prod[6]     ; 12.126 ; 12.126 ; 12.126 ; 12.126 ;
; A[3]       ; Prod[7]     ; 12.096 ; 12.096 ; 12.096 ; 12.096 ;
; A[3]       ; Prod[8]     ; 12.585 ; 12.585 ; 12.585 ; 12.585 ;
; A[3]       ; Prod[9]     ; 12.121 ; 12.121 ; 12.121 ; 12.121 ;
; A[3]       ; Prod[10]    ; 12.712 ; 12.712 ; 12.712 ; 12.712 ;
; A[3]       ; Prod[11]    ; 12.306 ; 12.306 ; 12.306 ; 12.306 ;
; A[3]       ; Prod[12]    ; 12.114 ; 12.114 ; 12.114 ; 12.114 ;
; A[3]       ; Prod[13]    ; 12.099 ; 12.099 ; 12.099 ; 12.099 ;
; A[3]       ; Prod[14]    ; 12.100 ; 12.100 ; 12.100 ; 12.100 ;
; A[3]       ; Prod[15]    ; 12.133 ; 12.133 ; 12.133 ; 12.133 ;
; A[4]       ; Prod[4]     ; 12.468 ; 12.468 ; 12.468 ; 12.468 ;
; A[4]       ; Prod[5]     ; 14.397 ; 14.397 ; 14.397 ; 14.397 ;
; A[4]       ; Prod[6]     ; 11.911 ; 11.911 ; 11.911 ; 11.911 ;
; A[4]       ; Prod[7]     ; 11.881 ; 11.881 ; 11.881 ; 11.881 ;
; A[4]       ; Prod[8]     ; 12.370 ; 12.370 ; 12.370 ; 12.370 ;
; A[4]       ; Prod[9]     ; 11.906 ; 11.906 ; 11.906 ; 11.906 ;
; A[4]       ; Prod[10]    ; 12.497 ; 12.497 ; 12.497 ; 12.497 ;
; A[4]       ; Prod[11]    ; 12.091 ; 12.091 ; 12.091 ; 12.091 ;
; A[4]       ; Prod[12]    ; 11.899 ; 11.899 ; 11.899 ; 11.899 ;
; A[4]       ; Prod[13]    ; 11.884 ; 11.884 ; 11.884 ; 11.884 ;
; A[4]       ; Prod[14]    ; 11.885 ; 11.885 ; 11.885 ; 11.885 ;
; A[4]       ; Prod[15]    ; 11.918 ; 11.918 ; 11.918 ; 11.918 ;
; A[5]       ; Prod[5]     ; 14.604 ; 14.604 ; 14.604 ; 14.604 ;
; A[5]       ; Prod[6]     ; 12.118 ; 12.118 ; 12.118 ; 12.118 ;
; A[5]       ; Prod[7]     ; 12.088 ; 12.088 ; 12.088 ; 12.088 ;
; A[5]       ; Prod[8]     ; 12.577 ; 12.577 ; 12.577 ; 12.577 ;
; A[5]       ; Prod[9]     ; 12.113 ; 12.113 ; 12.113 ; 12.113 ;
; A[5]       ; Prod[10]    ; 12.704 ; 12.704 ; 12.704 ; 12.704 ;
; A[5]       ; Prod[11]    ; 12.298 ; 12.298 ; 12.298 ; 12.298 ;
; A[5]       ; Prod[12]    ; 12.106 ; 12.106 ; 12.106 ; 12.106 ;
; A[5]       ; Prod[13]    ; 12.091 ; 12.091 ; 12.091 ; 12.091 ;
; A[5]       ; Prod[14]    ; 12.092 ; 12.092 ; 12.092 ; 12.092 ;
; A[5]       ; Prod[15]    ; 12.125 ; 12.125 ; 12.125 ; 12.125 ;
; A[6]       ; Prod[6]     ; 12.386 ; 12.386 ; 12.386 ; 12.386 ;
; A[6]       ; Prod[7]     ; 12.356 ; 12.356 ; 12.356 ; 12.356 ;
; A[6]       ; Prod[8]     ; 12.845 ; 12.845 ; 12.845 ; 12.845 ;
; A[6]       ; Prod[9]     ; 12.381 ; 12.381 ; 12.381 ; 12.381 ;
; A[6]       ; Prod[10]    ; 12.972 ; 12.972 ; 12.972 ; 12.972 ;
; A[6]       ; Prod[11]    ; 12.566 ; 12.566 ; 12.566 ; 12.566 ;
; A[6]       ; Prod[12]    ; 12.374 ; 12.374 ; 12.374 ; 12.374 ;
; A[6]       ; Prod[13]    ; 12.359 ; 12.359 ; 12.359 ; 12.359 ;
; A[6]       ; Prod[14]    ; 12.360 ; 12.360 ; 12.360 ; 12.360 ;
; A[6]       ; Prod[15]    ; 12.393 ; 12.393 ; 12.393 ; 12.393 ;
; A[7]       ; Prod[7]     ; 11.910 ; 11.910 ; 11.910 ; 11.910 ;
; A[7]       ; Prod[8]     ; 12.399 ; 12.399 ; 12.399 ; 12.399 ;
; A[7]       ; Prod[9]     ; 11.935 ; 11.935 ; 11.935 ; 11.935 ;
; A[7]       ; Prod[10]    ; 12.526 ; 12.526 ; 12.526 ; 12.526 ;
; A[7]       ; Prod[11]    ; 12.120 ; 12.120 ; 12.120 ; 12.120 ;
; A[7]       ; Prod[12]    ; 11.928 ; 11.928 ; 11.928 ; 11.928 ;
; A[7]       ; Prod[13]    ; 11.913 ; 11.913 ; 11.913 ; 11.913 ;
; A[7]       ; Prod[14]    ; 11.914 ; 11.914 ; 11.914 ; 11.914 ;
; A[7]       ; Prod[15]    ; 11.947 ; 11.947 ; 11.947 ; 11.947 ;
; B[0]       ; Prod[0]     ; 12.699 ; 12.699 ; 12.699 ; 12.699 ;
; B[0]       ; Prod[1]     ; 12.462 ; 12.462 ; 12.462 ; 12.462 ;
; B[0]       ; Prod[2]     ; 12.453 ; 12.453 ; 12.453 ; 12.453 ;
; B[0]       ; Prod[3]     ; 14.739 ; 14.739 ; 14.739 ; 14.739 ;
; B[0]       ; Prod[4]     ; 13.034 ; 13.034 ; 13.034 ; 13.034 ;
; B[0]       ; Prod[5]     ; 14.963 ; 14.963 ; 14.963 ; 14.963 ;
; B[0]       ; Prod[6]     ; 12.477 ; 12.477 ; 12.477 ; 12.477 ;
; B[0]       ; Prod[7]     ; 12.447 ; 12.447 ; 12.447 ; 12.447 ;
; B[0]       ; Prod[8]     ; 12.936 ; 12.936 ; 12.936 ; 12.936 ;
; B[0]       ; Prod[9]     ; 12.472 ; 12.472 ; 12.472 ; 12.472 ;
; B[0]       ; Prod[10]    ; 13.063 ; 13.063 ; 13.063 ; 13.063 ;
; B[0]       ; Prod[11]    ; 12.657 ; 12.657 ; 12.657 ; 12.657 ;
; B[0]       ; Prod[12]    ; 12.465 ; 12.465 ; 12.465 ; 12.465 ;
; B[0]       ; Prod[13]    ; 12.450 ; 12.450 ; 12.450 ; 12.450 ;
; B[0]       ; Prod[14]    ; 12.451 ; 12.451 ; 12.451 ; 12.451 ;
; B[0]       ; Prod[15]    ; 12.484 ; 12.484 ; 12.484 ; 12.484 ;
; B[1]       ; Prod[1]     ; 12.000 ; 12.000 ; 12.000 ; 12.000 ;
; B[1]       ; Prod[2]     ; 11.991 ; 11.991 ; 11.991 ; 11.991 ;
; B[1]       ; Prod[3]     ; 14.277 ; 14.277 ; 14.277 ; 14.277 ;
; B[1]       ; Prod[4]     ; 12.572 ; 12.572 ; 12.572 ; 12.572 ;
; B[1]       ; Prod[5]     ; 14.501 ; 14.501 ; 14.501 ; 14.501 ;
; B[1]       ; Prod[6]     ; 12.015 ; 12.015 ; 12.015 ; 12.015 ;
; B[1]       ; Prod[7]     ; 11.985 ; 11.985 ; 11.985 ; 11.985 ;
; B[1]       ; Prod[8]     ; 12.474 ; 12.474 ; 12.474 ; 12.474 ;
; B[1]       ; Prod[9]     ; 12.010 ; 12.010 ; 12.010 ; 12.010 ;
; B[1]       ; Prod[10]    ; 12.601 ; 12.601 ; 12.601 ; 12.601 ;
; B[1]       ; Prod[11]    ; 12.195 ; 12.195 ; 12.195 ; 12.195 ;
; B[1]       ; Prod[12]    ; 12.003 ; 12.003 ; 12.003 ; 12.003 ;
; B[1]       ; Prod[13]    ; 11.988 ; 11.988 ; 11.988 ; 11.988 ;
; B[1]       ; Prod[14]    ; 11.989 ; 11.989 ; 11.989 ; 11.989 ;
; B[1]       ; Prod[15]    ; 12.022 ; 12.022 ; 12.022 ; 12.022 ;
; B[2]       ; Prod[2]     ; 11.743 ; 11.743 ; 11.743 ; 11.743 ;
; B[2]       ; Prod[3]     ; 14.029 ; 14.029 ; 14.029 ; 14.029 ;
; B[2]       ; Prod[4]     ; 12.324 ; 12.324 ; 12.324 ; 12.324 ;
; B[2]       ; Prod[5]     ; 14.253 ; 14.253 ; 14.253 ; 14.253 ;
; B[2]       ; Prod[6]     ; 11.767 ; 11.767 ; 11.767 ; 11.767 ;
; B[2]       ; Prod[7]     ; 11.737 ; 11.737 ; 11.737 ; 11.737 ;
; B[2]       ; Prod[8]     ; 12.226 ; 12.226 ; 12.226 ; 12.226 ;
; B[2]       ; Prod[9]     ; 11.762 ; 11.762 ; 11.762 ; 11.762 ;
; B[2]       ; Prod[10]    ; 12.353 ; 12.353 ; 12.353 ; 12.353 ;
; B[2]       ; Prod[11]    ; 11.947 ; 11.947 ; 11.947 ; 11.947 ;
; B[2]       ; Prod[12]    ; 11.755 ; 11.755 ; 11.755 ; 11.755 ;
; B[2]       ; Prod[13]    ; 11.740 ; 11.740 ; 11.740 ; 11.740 ;
; B[2]       ; Prod[14]    ; 11.741 ; 11.741 ; 11.741 ; 11.741 ;
; B[2]       ; Prod[15]    ; 11.774 ; 11.774 ; 11.774 ; 11.774 ;
; B[3]       ; Prod[3]     ; 14.273 ; 14.273 ; 14.273 ; 14.273 ;
; B[3]       ; Prod[4]     ; 12.568 ; 12.568 ; 12.568 ; 12.568 ;
; B[3]       ; Prod[5]     ; 14.497 ; 14.497 ; 14.497 ; 14.497 ;
; B[3]       ; Prod[6]     ; 12.011 ; 12.011 ; 12.011 ; 12.011 ;
; B[3]       ; Prod[7]     ; 11.981 ; 11.981 ; 11.981 ; 11.981 ;
; B[3]       ; Prod[8]     ; 12.470 ; 12.470 ; 12.470 ; 12.470 ;
; B[3]       ; Prod[9]     ; 12.006 ; 12.006 ; 12.006 ; 12.006 ;
; B[3]       ; Prod[10]    ; 12.597 ; 12.597 ; 12.597 ; 12.597 ;
; B[3]       ; Prod[11]    ; 12.191 ; 12.191 ; 12.191 ; 12.191 ;
; B[3]       ; Prod[12]    ; 11.999 ; 11.999 ; 11.999 ; 11.999 ;
; B[3]       ; Prod[13]    ; 11.984 ; 11.984 ; 11.984 ; 11.984 ;
; B[3]       ; Prod[14]    ; 11.985 ; 11.985 ; 11.985 ; 11.985 ;
; B[3]       ; Prod[15]    ; 12.018 ; 12.018 ; 12.018 ; 12.018 ;
; B[4]       ; Prod[4]     ; 12.338 ; 12.338 ; 12.338 ; 12.338 ;
; B[4]       ; Prod[5]     ; 14.267 ; 14.267 ; 14.267 ; 14.267 ;
; B[4]       ; Prod[6]     ; 11.781 ; 11.781 ; 11.781 ; 11.781 ;
; B[4]       ; Prod[7]     ; 11.751 ; 11.751 ; 11.751 ; 11.751 ;
; B[4]       ; Prod[8]     ; 12.240 ; 12.240 ; 12.240 ; 12.240 ;
; B[4]       ; Prod[9]     ; 11.776 ; 11.776 ; 11.776 ; 11.776 ;
; B[4]       ; Prod[10]    ; 12.367 ; 12.367 ; 12.367 ; 12.367 ;
; B[4]       ; Prod[11]    ; 11.961 ; 11.961 ; 11.961 ; 11.961 ;
; B[4]       ; Prod[12]    ; 11.769 ; 11.769 ; 11.769 ; 11.769 ;
; B[4]       ; Prod[13]    ; 11.754 ; 11.754 ; 11.754 ; 11.754 ;
; B[4]       ; Prod[14]    ; 11.755 ; 11.755 ; 11.755 ; 11.755 ;
; B[4]       ; Prod[15]    ; 11.788 ; 11.788 ; 11.788 ; 11.788 ;
; B[5]       ; Prod[5]     ; 14.682 ; 14.682 ; 14.682 ; 14.682 ;
; B[5]       ; Prod[6]     ; 12.196 ; 12.196 ; 12.196 ; 12.196 ;
; B[5]       ; Prod[7]     ; 12.166 ; 12.166 ; 12.166 ; 12.166 ;
; B[5]       ; Prod[8]     ; 12.655 ; 12.655 ; 12.655 ; 12.655 ;
; B[5]       ; Prod[9]     ; 12.191 ; 12.191 ; 12.191 ; 12.191 ;
; B[5]       ; Prod[10]    ; 12.782 ; 12.782 ; 12.782 ; 12.782 ;
; B[5]       ; Prod[11]    ; 12.376 ; 12.376 ; 12.376 ; 12.376 ;
; B[5]       ; Prod[12]    ; 12.184 ; 12.184 ; 12.184 ; 12.184 ;
; B[5]       ; Prod[13]    ; 12.169 ; 12.169 ; 12.169 ; 12.169 ;
; B[5]       ; Prod[14]    ; 12.170 ; 12.170 ; 12.170 ; 12.170 ;
; B[5]       ; Prod[15]    ; 12.203 ; 12.203 ; 12.203 ; 12.203 ;
; B[6]       ; Prod[6]     ; 12.033 ; 12.033 ; 12.033 ; 12.033 ;
; B[6]       ; Prod[7]     ; 12.003 ; 12.003 ; 12.003 ; 12.003 ;
; B[6]       ; Prod[8]     ; 12.492 ; 12.492 ; 12.492 ; 12.492 ;
; B[6]       ; Prod[9]     ; 12.028 ; 12.028 ; 12.028 ; 12.028 ;
; B[6]       ; Prod[10]    ; 12.619 ; 12.619 ; 12.619 ; 12.619 ;
; B[6]       ; Prod[11]    ; 12.213 ; 12.213 ; 12.213 ; 12.213 ;
; B[6]       ; Prod[12]    ; 12.021 ; 12.021 ; 12.021 ; 12.021 ;
; B[6]       ; Prod[13]    ; 12.006 ; 12.006 ; 12.006 ; 12.006 ;
; B[6]       ; Prod[14]    ; 12.007 ; 12.007 ; 12.007 ; 12.007 ;
; B[6]       ; Prod[15]    ; 12.040 ; 12.040 ; 12.040 ; 12.040 ;
; B[7]       ; Prod[7]     ; 12.190 ; 12.190 ; 12.190 ; 12.190 ;
; B[7]       ; Prod[8]     ; 12.679 ; 12.679 ; 12.679 ; 12.679 ;
; B[7]       ; Prod[9]     ; 12.215 ; 12.215 ; 12.215 ; 12.215 ;
; B[7]       ; Prod[10]    ; 12.806 ; 12.806 ; 12.806 ; 12.806 ;
; B[7]       ; Prod[11]    ; 12.400 ; 12.400 ; 12.400 ; 12.400 ;
; B[7]       ; Prod[12]    ; 12.208 ; 12.208 ; 12.208 ; 12.208 ;
; B[7]       ; Prod[13]    ; 12.193 ; 12.193 ; 12.193 ; 12.193 ;
; B[7]       ; Prod[14]    ; 12.194 ; 12.194 ; 12.194 ; 12.194 ;
; B[7]       ; Prod[15]    ; 12.227 ; 12.227 ; 12.227 ; 12.227 ;
+------------+-------------+--------+--------+--------+--------+


+--------------------------------------------------------------+
; Minimum Propagation Delay                                    ;
+------------+-------------+--------+--------+--------+--------+
; Input Port ; Output Port ; RR     ; RF     ; FR     ; FF     ;
+------------+-------------+--------+--------+--------+--------+
; A[0]       ; Prod[0]     ; 8.334  ; 8.334  ; 8.334  ; 8.334  ;
; A[0]       ; Prod[1]     ; 8.097  ; 8.097  ; 8.097  ; 8.097  ;
; A[0]       ; Prod[2]     ; 8.088  ; 8.088  ; 8.088  ; 8.088  ;
; A[0]       ; Prod[3]     ; 10.374 ; 10.374 ; 10.374 ; 10.374 ;
; A[0]       ; Prod[4]     ; 8.669  ; 8.669  ; 8.669  ; 8.669  ;
; A[0]       ; Prod[5]     ; 10.598 ; 10.598 ; 10.598 ; 10.598 ;
; A[0]       ; Prod[6]     ; 8.112  ; 8.112  ; 8.112  ; 8.112  ;
; A[0]       ; Prod[7]     ; 8.082  ; 8.082  ; 8.082  ; 8.082  ;
; A[0]       ; Prod[8]     ; 8.571  ; 8.571  ; 8.571  ; 8.571  ;
; A[0]       ; Prod[9]     ; 8.107  ; 8.107  ; 8.107  ; 8.107  ;
; A[0]       ; Prod[10]    ; 8.698  ; 8.698  ; 8.698  ; 8.698  ;
; A[0]       ; Prod[11]    ; 8.292  ; 8.292  ; 8.292  ; 8.292  ;
; A[0]       ; Prod[12]    ; 8.100  ; 8.100  ; 8.100  ; 8.100  ;
; A[0]       ; Prod[13]    ; 8.085  ; 8.085  ; 8.085  ; 8.085  ;
; A[0]       ; Prod[14]    ; 8.086  ; 8.086  ; 8.086  ; 8.086  ;
; A[0]       ; Prod[15]    ; 8.119  ; 8.119  ; 8.119  ; 8.119  ;
; A[1]       ; Prod[1]     ; 8.087  ; 8.087  ; 8.087  ; 8.087  ;
; A[1]       ; Prod[2]     ; 8.078  ; 8.078  ; 8.078  ; 8.078  ;
; A[1]       ; Prod[3]     ; 10.364 ; 10.364 ; 10.364 ; 10.364 ;
; A[1]       ; Prod[4]     ; 8.659  ; 8.659  ; 8.659  ; 8.659  ;
; A[1]       ; Prod[5]     ; 10.588 ; 10.588 ; 10.588 ; 10.588 ;
; A[1]       ; Prod[6]     ; 8.102  ; 8.102  ; 8.102  ; 8.102  ;
; A[1]       ; Prod[7]     ; 8.072  ; 8.072  ; 8.072  ; 8.072  ;
; A[1]       ; Prod[8]     ; 8.561  ; 8.561  ; 8.561  ; 8.561  ;
; A[1]       ; Prod[9]     ; 8.097  ; 8.097  ; 8.097  ; 8.097  ;
; A[1]       ; Prod[10]    ; 8.688  ; 8.688  ; 8.688  ; 8.688  ;
; A[1]       ; Prod[11]    ; 8.282  ; 8.282  ; 8.282  ; 8.282  ;
; A[1]       ; Prod[12]    ; 8.090  ; 8.090  ; 8.090  ; 8.090  ;
; A[1]       ; Prod[13]    ; 8.075  ; 8.075  ; 8.075  ; 8.075  ;
; A[1]       ; Prod[14]    ; 8.076  ; 8.076  ; 8.076  ; 8.076  ;
; A[1]       ; Prod[15]    ; 8.109  ; 8.109  ; 8.109  ; 8.109  ;
; A[2]       ; Prod[2]     ; 12.350 ; 12.350 ; 12.350 ; 12.350 ;
; A[2]       ; Prod[3]     ; 14.636 ; 14.636 ; 14.636 ; 14.636 ;
; A[2]       ; Prod[4]     ; 12.931 ; 12.931 ; 12.931 ; 12.931 ;
; A[2]       ; Prod[5]     ; 14.860 ; 14.860 ; 14.860 ; 14.860 ;
; A[2]       ; Prod[6]     ; 12.374 ; 12.374 ; 12.374 ; 12.374 ;
; A[2]       ; Prod[7]     ; 12.344 ; 12.344 ; 12.344 ; 12.344 ;
; A[2]       ; Prod[8]     ; 12.833 ; 12.833 ; 12.833 ; 12.833 ;
; A[2]       ; Prod[9]     ; 12.369 ; 12.369 ; 12.369 ; 12.369 ;
; A[2]       ; Prod[10]    ; 12.960 ; 12.960 ; 12.960 ; 12.960 ;
; A[2]       ; Prod[11]    ; 12.554 ; 12.554 ; 12.554 ; 12.554 ;
; A[2]       ; Prod[12]    ; 12.362 ; 12.362 ; 12.362 ; 12.362 ;
; A[2]       ; Prod[13]    ; 12.347 ; 12.347 ; 12.347 ; 12.347 ;
; A[2]       ; Prod[14]    ; 12.348 ; 12.348 ; 12.348 ; 12.348 ;
; A[2]       ; Prod[15]    ; 12.381 ; 12.381 ; 12.381 ; 12.381 ;
; A[3]       ; Prod[3]     ; 14.388 ; 14.388 ; 14.388 ; 14.388 ;
; A[3]       ; Prod[4]     ; 12.683 ; 12.683 ; 12.683 ; 12.683 ;
; A[3]       ; Prod[5]     ; 14.612 ; 14.612 ; 14.612 ; 14.612 ;
; A[3]       ; Prod[6]     ; 12.126 ; 12.126 ; 12.126 ; 12.126 ;
; A[3]       ; Prod[7]     ; 12.096 ; 12.096 ; 12.096 ; 12.096 ;
; A[3]       ; Prod[8]     ; 12.585 ; 12.585 ; 12.585 ; 12.585 ;
; A[3]       ; Prod[9]     ; 12.121 ; 12.121 ; 12.121 ; 12.121 ;
; A[3]       ; Prod[10]    ; 12.712 ; 12.712 ; 12.712 ; 12.712 ;
; A[3]       ; Prod[11]    ; 12.306 ; 12.306 ; 12.306 ; 12.306 ;
; A[3]       ; Prod[12]    ; 12.114 ; 12.114 ; 12.114 ; 12.114 ;
; A[3]       ; Prod[13]    ; 12.099 ; 12.099 ; 12.099 ; 12.099 ;
; A[3]       ; Prod[14]    ; 12.100 ; 12.100 ; 12.100 ; 12.100 ;
; A[3]       ; Prod[15]    ; 12.133 ; 12.133 ; 12.133 ; 12.133 ;
; A[4]       ; Prod[4]     ; 12.468 ; 12.468 ; 12.468 ; 12.468 ;
; A[4]       ; Prod[5]     ; 14.397 ; 14.397 ; 14.397 ; 14.397 ;
; A[4]       ; Prod[6]     ; 11.911 ; 11.911 ; 11.911 ; 11.911 ;
; A[4]       ; Prod[7]     ; 11.881 ; 11.881 ; 11.881 ; 11.881 ;
; A[4]       ; Prod[8]     ; 12.370 ; 12.370 ; 12.370 ; 12.370 ;
; A[4]       ; Prod[9]     ; 11.906 ; 11.906 ; 11.906 ; 11.906 ;
; A[4]       ; Prod[10]    ; 12.497 ; 12.497 ; 12.497 ; 12.497 ;
; A[4]       ; Prod[11]    ; 12.091 ; 12.091 ; 12.091 ; 12.091 ;
; A[4]       ; Prod[12]    ; 11.899 ; 11.899 ; 11.899 ; 11.899 ;
; A[4]       ; Prod[13]    ; 11.884 ; 11.884 ; 11.884 ; 11.884 ;
; A[4]       ; Prod[14]    ; 11.885 ; 11.885 ; 11.885 ; 11.885 ;
; A[4]       ; Prod[15]    ; 11.918 ; 11.918 ; 11.918 ; 11.918 ;
; A[5]       ; Prod[5]     ; 14.604 ; 14.604 ; 14.604 ; 14.604 ;
; A[5]       ; Prod[6]     ; 12.118 ; 12.118 ; 12.118 ; 12.118 ;
; A[5]       ; Prod[7]     ; 12.088 ; 12.088 ; 12.088 ; 12.088 ;
; A[5]       ; Prod[8]     ; 12.577 ; 12.577 ; 12.577 ; 12.577 ;
; A[5]       ; Prod[9]     ; 12.113 ; 12.113 ; 12.113 ; 12.113 ;
; A[5]       ; Prod[10]    ; 12.704 ; 12.704 ; 12.704 ; 12.704 ;
; A[5]       ; Prod[11]    ; 12.298 ; 12.298 ; 12.298 ; 12.298 ;
; A[5]       ; Prod[12]    ; 12.106 ; 12.106 ; 12.106 ; 12.106 ;
; A[5]       ; Prod[13]    ; 12.091 ; 12.091 ; 12.091 ; 12.091 ;
; A[5]       ; Prod[14]    ; 12.092 ; 12.092 ; 12.092 ; 12.092 ;
; A[5]       ; Prod[15]    ; 12.125 ; 12.125 ; 12.125 ; 12.125 ;
; A[6]       ; Prod[6]     ; 12.386 ; 12.386 ; 12.386 ; 12.386 ;
; A[6]       ; Prod[7]     ; 12.356 ; 12.356 ; 12.356 ; 12.356 ;
; A[6]       ; Prod[8]     ; 12.845 ; 12.845 ; 12.845 ; 12.845 ;
; A[6]       ; Prod[9]     ; 12.381 ; 12.381 ; 12.381 ; 12.381 ;
; A[6]       ; Prod[10]    ; 12.972 ; 12.972 ; 12.972 ; 12.972 ;
; A[6]       ; Prod[11]    ; 12.566 ; 12.566 ; 12.566 ; 12.566 ;
; A[6]       ; Prod[12]    ; 12.374 ; 12.374 ; 12.374 ; 12.374 ;
; A[6]       ; Prod[13]    ; 12.359 ; 12.359 ; 12.359 ; 12.359 ;
; A[6]       ; Prod[14]    ; 12.360 ; 12.360 ; 12.360 ; 12.360 ;
; A[6]       ; Prod[15]    ; 12.393 ; 12.393 ; 12.393 ; 12.393 ;
; A[7]       ; Prod[7]     ; 11.910 ; 11.910 ; 11.910 ; 11.910 ;
; A[7]       ; Prod[8]     ; 12.399 ; 12.399 ; 12.399 ; 12.399 ;
; A[7]       ; Prod[9]     ; 11.935 ; 11.935 ; 11.935 ; 11.935 ;
; A[7]       ; Prod[10]    ; 12.526 ; 12.526 ; 12.526 ; 12.526 ;
; A[7]       ; Prod[11]    ; 12.120 ; 12.120 ; 12.120 ; 12.120 ;
; A[7]       ; Prod[12]    ; 11.928 ; 11.928 ; 11.928 ; 11.928 ;
; A[7]       ; Prod[13]    ; 11.913 ; 11.913 ; 11.913 ; 11.913 ;
; A[7]       ; Prod[14]    ; 11.914 ; 11.914 ; 11.914 ; 11.914 ;
; A[7]       ; Prod[15]    ; 11.947 ; 11.947 ; 11.947 ; 11.947 ;
; B[0]       ; Prod[0]     ; 12.699 ; 12.699 ; 12.699 ; 12.699 ;
; B[0]       ; Prod[1]     ; 12.462 ; 12.462 ; 12.462 ; 12.462 ;
; B[0]       ; Prod[2]     ; 12.453 ; 12.453 ; 12.453 ; 12.453 ;
; B[0]       ; Prod[3]     ; 14.739 ; 14.739 ; 14.739 ; 14.739 ;
; B[0]       ; Prod[4]     ; 13.034 ; 13.034 ; 13.034 ; 13.034 ;
; B[0]       ; Prod[5]     ; 14.963 ; 14.963 ; 14.963 ; 14.963 ;
; B[0]       ; Prod[6]     ; 12.477 ; 12.477 ; 12.477 ; 12.477 ;
; B[0]       ; Prod[7]     ; 12.447 ; 12.447 ; 12.447 ; 12.447 ;
; B[0]       ; Prod[8]     ; 12.936 ; 12.936 ; 12.936 ; 12.936 ;
; B[0]       ; Prod[9]     ; 12.472 ; 12.472 ; 12.472 ; 12.472 ;
; B[0]       ; Prod[10]    ; 13.063 ; 13.063 ; 13.063 ; 13.063 ;
; B[0]       ; Prod[11]    ; 12.657 ; 12.657 ; 12.657 ; 12.657 ;
; B[0]       ; Prod[12]    ; 12.465 ; 12.465 ; 12.465 ; 12.465 ;
; B[0]       ; Prod[13]    ; 12.450 ; 12.450 ; 12.450 ; 12.450 ;
; B[0]       ; Prod[14]    ; 12.451 ; 12.451 ; 12.451 ; 12.451 ;
; B[0]       ; Prod[15]    ; 12.484 ; 12.484 ; 12.484 ; 12.484 ;
; B[1]       ; Prod[1]     ; 12.000 ; 12.000 ; 12.000 ; 12.000 ;
; B[1]       ; Prod[2]     ; 11.991 ; 11.991 ; 11.991 ; 11.991 ;
; B[1]       ; Prod[3]     ; 14.277 ; 14.277 ; 14.277 ; 14.277 ;
; B[1]       ; Prod[4]     ; 12.572 ; 12.572 ; 12.572 ; 12.572 ;
; B[1]       ; Prod[5]     ; 14.501 ; 14.501 ; 14.501 ; 14.501 ;
; B[1]       ; Prod[6]     ; 12.015 ; 12.015 ; 12.015 ; 12.015 ;
; B[1]       ; Prod[7]     ; 11.985 ; 11.985 ; 11.985 ; 11.985 ;
; B[1]       ; Prod[8]     ; 12.474 ; 12.474 ; 12.474 ; 12.474 ;
; B[1]       ; Prod[9]     ; 12.010 ; 12.010 ; 12.010 ; 12.010 ;
; B[1]       ; Prod[10]    ; 12.601 ; 12.601 ; 12.601 ; 12.601 ;
; B[1]       ; Prod[11]    ; 12.195 ; 12.195 ; 12.195 ; 12.195 ;
; B[1]       ; Prod[12]    ; 12.003 ; 12.003 ; 12.003 ; 12.003 ;
; B[1]       ; Prod[13]    ; 11.988 ; 11.988 ; 11.988 ; 11.988 ;
; B[1]       ; Prod[14]    ; 11.989 ; 11.989 ; 11.989 ; 11.989 ;
; B[1]       ; Prod[15]    ; 12.022 ; 12.022 ; 12.022 ; 12.022 ;
; B[2]       ; Prod[2]     ; 11.743 ; 11.743 ; 11.743 ; 11.743 ;
; B[2]       ; Prod[3]     ; 14.029 ; 14.029 ; 14.029 ; 14.029 ;
; B[2]       ; Prod[4]     ; 12.324 ; 12.324 ; 12.324 ; 12.324 ;
; B[2]       ; Prod[5]     ; 14.253 ; 14.253 ; 14.253 ; 14.253 ;
; B[2]       ; Prod[6]     ; 11.767 ; 11.767 ; 11.767 ; 11.767 ;
; B[2]       ; Prod[7]     ; 11.737 ; 11.737 ; 11.737 ; 11.737 ;
; B[2]       ; Prod[8]     ; 12.226 ; 12.226 ; 12.226 ; 12.226 ;
; B[2]       ; Prod[9]     ; 11.762 ; 11.762 ; 11.762 ; 11.762 ;
; B[2]       ; Prod[10]    ; 12.353 ; 12.353 ; 12.353 ; 12.353 ;
; B[2]       ; Prod[11]    ; 11.947 ; 11.947 ; 11.947 ; 11.947 ;
; B[2]       ; Prod[12]    ; 11.755 ; 11.755 ; 11.755 ; 11.755 ;
; B[2]       ; Prod[13]    ; 11.740 ; 11.740 ; 11.740 ; 11.740 ;
; B[2]       ; Prod[14]    ; 11.741 ; 11.741 ; 11.741 ; 11.741 ;
; B[2]       ; Prod[15]    ; 11.774 ; 11.774 ; 11.774 ; 11.774 ;
; B[3]       ; Prod[3]     ; 14.273 ; 14.273 ; 14.273 ; 14.273 ;
; B[3]       ; Prod[4]     ; 12.568 ; 12.568 ; 12.568 ; 12.568 ;
; B[3]       ; Prod[5]     ; 14.497 ; 14.497 ; 14.497 ; 14.497 ;
; B[3]       ; Prod[6]     ; 12.011 ; 12.011 ; 12.011 ; 12.011 ;
; B[3]       ; Prod[7]     ; 11.981 ; 11.981 ; 11.981 ; 11.981 ;
; B[3]       ; Prod[8]     ; 12.470 ; 12.470 ; 12.470 ; 12.470 ;
; B[3]       ; Prod[9]     ; 12.006 ; 12.006 ; 12.006 ; 12.006 ;
; B[3]       ; Prod[10]    ; 12.597 ; 12.597 ; 12.597 ; 12.597 ;
; B[3]       ; Prod[11]    ; 12.191 ; 12.191 ; 12.191 ; 12.191 ;
; B[3]       ; Prod[12]    ; 11.999 ; 11.999 ; 11.999 ; 11.999 ;
; B[3]       ; Prod[13]    ; 11.984 ; 11.984 ; 11.984 ; 11.984 ;
; B[3]       ; Prod[14]    ; 11.985 ; 11.985 ; 11.985 ; 11.985 ;
; B[3]       ; Prod[15]    ; 12.018 ; 12.018 ; 12.018 ; 12.018 ;
; B[4]       ; Prod[4]     ; 12.338 ; 12.338 ; 12.338 ; 12.338 ;
; B[4]       ; Prod[5]     ; 14.267 ; 14.267 ; 14.267 ; 14.267 ;
; B[4]       ; Prod[6]     ; 11.781 ; 11.781 ; 11.781 ; 11.781 ;
; B[4]       ; Prod[7]     ; 11.751 ; 11.751 ; 11.751 ; 11.751 ;
; B[4]       ; Prod[8]     ; 12.240 ; 12.240 ; 12.240 ; 12.240 ;
; B[4]       ; Prod[9]     ; 11.776 ; 11.776 ; 11.776 ; 11.776 ;
; B[4]       ; Prod[10]    ; 12.367 ; 12.367 ; 12.367 ; 12.367 ;
; B[4]       ; Prod[11]    ; 11.961 ; 11.961 ; 11.961 ; 11.961 ;
; B[4]       ; Prod[12]    ; 11.769 ; 11.769 ; 11.769 ; 11.769 ;
; B[4]       ; Prod[13]    ; 11.754 ; 11.754 ; 11.754 ; 11.754 ;
; B[4]       ; Prod[14]    ; 11.755 ; 11.755 ; 11.755 ; 11.755 ;
; B[4]       ; Prod[15]    ; 11.788 ; 11.788 ; 11.788 ; 11.788 ;
; B[5]       ; Prod[5]     ; 14.682 ; 14.682 ; 14.682 ; 14.682 ;
; B[5]       ; Prod[6]     ; 12.196 ; 12.196 ; 12.196 ; 12.196 ;
; B[5]       ; Prod[7]     ; 12.166 ; 12.166 ; 12.166 ; 12.166 ;
; B[5]       ; Prod[8]     ; 12.655 ; 12.655 ; 12.655 ; 12.655 ;
; B[5]       ; Prod[9]     ; 12.191 ; 12.191 ; 12.191 ; 12.191 ;
; B[5]       ; Prod[10]    ; 12.782 ; 12.782 ; 12.782 ; 12.782 ;
; B[5]       ; Prod[11]    ; 12.376 ; 12.376 ; 12.376 ; 12.376 ;
; B[5]       ; Prod[12]    ; 12.184 ; 12.184 ; 12.184 ; 12.184 ;
; B[5]       ; Prod[13]    ; 12.169 ; 12.169 ; 12.169 ; 12.169 ;
; B[5]       ; Prod[14]    ; 12.170 ; 12.170 ; 12.170 ; 12.170 ;
; B[5]       ; Prod[15]    ; 12.203 ; 12.203 ; 12.203 ; 12.203 ;
; B[6]       ; Prod[6]     ; 12.033 ; 12.033 ; 12.033 ; 12.033 ;
; B[6]       ; Prod[7]     ; 12.003 ; 12.003 ; 12.003 ; 12.003 ;
; B[6]       ; Prod[8]     ; 12.492 ; 12.492 ; 12.492 ; 12.492 ;
; B[6]       ; Prod[9]     ; 12.028 ; 12.028 ; 12.028 ; 12.028 ;
; B[6]       ; Prod[10]    ; 12.619 ; 12.619 ; 12.619 ; 12.619 ;
; B[6]       ; Prod[11]    ; 12.213 ; 12.213 ; 12.213 ; 12.213 ;
; B[6]       ; Prod[12]    ; 12.021 ; 12.021 ; 12.021 ; 12.021 ;
; B[6]       ; Prod[13]    ; 12.006 ; 12.006 ; 12.006 ; 12.006 ;
; B[6]       ; Prod[14]    ; 12.007 ; 12.007 ; 12.007 ; 12.007 ;
; B[6]       ; Prod[15]    ; 12.040 ; 12.040 ; 12.040 ; 12.040 ;
; B[7]       ; Prod[7]     ; 12.190 ; 12.190 ; 12.190 ; 12.190 ;
; B[7]       ; Prod[8]     ; 12.679 ; 12.679 ; 12.679 ; 12.679 ;
; B[7]       ; Prod[9]     ; 12.215 ; 12.215 ; 12.215 ; 12.215 ;
; B[7]       ; Prod[10]    ; 12.806 ; 12.806 ; 12.806 ; 12.806 ;
; B[7]       ; Prod[11]    ; 12.400 ; 12.400 ; 12.400 ; 12.400 ;
; B[7]       ; Prod[12]    ; 12.208 ; 12.208 ; 12.208 ; 12.208 ;
; B[7]       ; Prod[13]    ; 12.193 ; 12.193 ; 12.193 ; 12.193 ;
; B[7]       ; Prod[14]    ; 12.194 ; 12.194 ; 12.194 ; 12.194 ;
; B[7]       ; Prod[15]    ; 12.227 ; 12.227 ; 12.227 ; 12.227 ;
+------------+-------------+--------+--------+--------+--------+


----------------------------
; Fast Model Setup Summary ;
----------------------------
No paths to report.


---------------------------
; Fast Model Hold Summary ;
---------------------------
No paths to report.


-------------------------------
; Fast Model Recovery Summary ;
-------------------------------
No paths to report.


------------------------------
; Fast Model Removal Summary ;
------------------------------
No paths to report.


------------------------------------------
; Fast Model Minimum Pulse Width Summary ;
------------------------------------------
No paths to report.


+----------------------------------------------------------+
; Propagation Delay                                        ;
+------------+-------------+-------+-------+-------+-------+
; Input Port ; Output Port ; RR    ; RF    ; FR    ; FF    ;
+------------+-------------+-------+-------+-------+-------+
; A[0]       ; Prod[0]     ; 3.579 ; 3.579 ; 3.579 ; 3.579 ;
; A[0]       ; Prod[1]     ; 3.473 ; 3.473 ; 3.473 ; 3.473 ;
; A[0]       ; Prod[2]     ; 3.462 ; 3.462 ; 3.462 ; 3.462 ;
; A[0]       ; Prod[3]     ; 4.565 ; 4.565 ; 4.565 ; 4.565 ;
; A[0]       ; Prod[4]     ; 3.763 ; 3.763 ; 3.763 ; 3.763 ;
; A[0]       ; Prod[5]     ; 4.675 ; 4.675 ; 4.675 ; 4.675 ;
; A[0]       ; Prod[6]     ; 3.483 ; 3.483 ; 3.483 ; 3.483 ;
; A[0]       ; Prod[7]     ; 3.457 ; 3.457 ; 3.457 ; 3.457 ;
; A[0]       ; Prod[8]     ; 3.718 ; 3.718 ; 3.718 ; 3.718 ;
; A[0]       ; Prod[9]     ; 3.481 ; 3.481 ; 3.481 ; 3.481 ;
; A[0]       ; Prod[10]    ; 3.768 ; 3.768 ; 3.768 ; 3.768 ;
; A[0]       ; Prod[11]    ; 3.542 ; 3.542 ; 3.542 ; 3.542 ;
; A[0]       ; Prod[12]    ; 3.470 ; 3.470 ; 3.470 ; 3.470 ;
; A[0]       ; Prod[13]    ; 3.459 ; 3.459 ; 3.459 ; 3.459 ;
; A[0]       ; Prod[14]    ; 3.459 ; 3.459 ; 3.459 ; 3.459 ;
; A[0]       ; Prod[15]    ; 3.491 ; 3.491 ; 3.491 ; 3.491 ;
; A[1]       ; Prod[1]     ; 3.465 ; 3.465 ; 3.465 ; 3.465 ;
; A[1]       ; Prod[2]     ; 3.454 ; 3.454 ; 3.454 ; 3.454 ;
; A[1]       ; Prod[3]     ; 4.557 ; 4.557 ; 4.557 ; 4.557 ;
; A[1]       ; Prod[4]     ; 3.755 ; 3.755 ; 3.755 ; 3.755 ;
; A[1]       ; Prod[5]     ; 4.667 ; 4.667 ; 4.667 ; 4.667 ;
; A[1]       ; Prod[6]     ; 3.475 ; 3.475 ; 3.475 ; 3.475 ;
; A[1]       ; Prod[7]     ; 3.449 ; 3.449 ; 3.449 ; 3.449 ;
; A[1]       ; Prod[8]     ; 3.710 ; 3.710 ; 3.710 ; 3.710 ;
; A[1]       ; Prod[9]     ; 3.473 ; 3.473 ; 3.473 ; 3.473 ;
; A[1]       ; Prod[10]    ; 3.760 ; 3.760 ; 3.760 ; 3.760 ;
; A[1]       ; Prod[11]    ; 3.534 ; 3.534 ; 3.534 ; 3.534 ;
; A[1]       ; Prod[12]    ; 3.462 ; 3.462 ; 3.462 ; 3.462 ;
; A[1]       ; Prod[13]    ; 3.451 ; 3.451 ; 3.451 ; 3.451 ;
; A[1]       ; Prod[14]    ; 3.451 ; 3.451 ; 3.451 ; 3.451 ;
; A[1]       ; Prod[15]    ; 3.483 ; 3.483 ; 3.483 ; 3.483 ;
; A[2]       ; Prod[2]     ; 6.027 ; 6.027 ; 6.027 ; 6.027 ;
; A[2]       ; Prod[3]     ; 7.130 ; 7.130 ; 7.130 ; 7.130 ;
; A[2]       ; Prod[4]     ; 6.328 ; 6.328 ; 6.328 ; 6.328 ;
; A[2]       ; Prod[5]     ; 7.240 ; 7.240 ; 7.240 ; 7.240 ;
; A[2]       ; Prod[6]     ; 6.048 ; 6.048 ; 6.048 ; 6.048 ;
; A[2]       ; Prod[7]     ; 6.022 ; 6.022 ; 6.022 ; 6.022 ;
; A[2]       ; Prod[8]     ; 6.283 ; 6.283 ; 6.283 ; 6.283 ;
; A[2]       ; Prod[9]     ; 6.046 ; 6.046 ; 6.046 ; 6.046 ;
; A[2]       ; Prod[10]    ; 6.333 ; 6.333 ; 6.333 ; 6.333 ;
; A[2]       ; Prod[11]    ; 6.107 ; 6.107 ; 6.107 ; 6.107 ;
; A[2]       ; Prod[12]    ; 6.035 ; 6.035 ; 6.035 ; 6.035 ;
; A[2]       ; Prod[13]    ; 6.024 ; 6.024 ; 6.024 ; 6.024 ;
; A[2]       ; Prod[14]    ; 6.024 ; 6.024 ; 6.024 ; 6.024 ;
; A[2]       ; Prod[15]    ; 6.056 ; 6.056 ; 6.056 ; 6.056 ;
; A[3]       ; Prod[3]     ; 7.015 ; 7.015 ; 7.015 ; 7.015 ;
; A[3]       ; Prod[4]     ; 6.213 ; 6.213 ; 6.213 ; 6.213 ;
; A[3]       ; Prod[5]     ; 7.125 ; 7.125 ; 7.125 ; 7.125 ;
; A[3]       ; Prod[6]     ; 5.933 ; 5.933 ; 5.933 ; 5.933 ;
; A[3]       ; Prod[7]     ; 5.907 ; 5.907 ; 5.907 ; 5.907 ;
; A[3]       ; Prod[8]     ; 6.168 ; 6.168 ; 6.168 ; 6.168 ;
; A[3]       ; Prod[9]     ; 5.931 ; 5.931 ; 5.931 ; 5.931 ;
; A[3]       ; Prod[10]    ; 6.218 ; 6.218 ; 6.218 ; 6.218 ;
; A[3]       ; Prod[11]    ; 5.992 ; 5.992 ; 5.992 ; 5.992 ;
; A[3]       ; Prod[12]    ; 5.920 ; 5.920 ; 5.920 ; 5.920 ;
; A[3]       ; Prod[13]    ; 5.909 ; 5.909 ; 5.909 ; 5.909 ;
; A[3]       ; Prod[14]    ; 5.909 ; 5.909 ; 5.909 ; 5.909 ;
; A[3]       ; Prod[15]    ; 5.941 ; 5.941 ; 5.941 ; 5.941 ;
; A[4]       ; Prod[4]     ; 6.123 ; 6.123 ; 6.123 ; 6.123 ;
; A[4]       ; Prod[5]     ; 7.035 ; 7.035 ; 7.035 ; 7.035 ;
; A[4]       ; Prod[6]     ; 5.843 ; 5.843 ; 5.843 ; 5.843 ;
; A[4]       ; Prod[7]     ; 5.817 ; 5.817 ; 5.817 ; 5.817 ;
; A[4]       ; Prod[8]     ; 6.078 ; 6.078 ; 6.078 ; 6.078 ;
; A[4]       ; Prod[9]     ; 5.841 ; 5.841 ; 5.841 ; 5.841 ;
; A[4]       ; Prod[10]    ; 6.128 ; 6.128 ; 6.128 ; 6.128 ;
; A[4]       ; Prod[11]    ; 5.902 ; 5.902 ; 5.902 ; 5.902 ;
; A[4]       ; Prod[12]    ; 5.830 ; 5.830 ; 5.830 ; 5.830 ;
; A[4]       ; Prod[13]    ; 5.819 ; 5.819 ; 5.819 ; 5.819 ;
; A[4]       ; Prod[14]    ; 5.819 ; 5.819 ; 5.819 ; 5.819 ;
; A[4]       ; Prod[15]    ; 5.851 ; 5.851 ; 5.851 ; 5.851 ;
; A[5]       ; Prod[5]     ; 7.112 ; 7.112 ; 7.112 ; 7.112 ;
; A[5]       ; Prod[6]     ; 5.920 ; 5.920 ; 5.920 ; 5.920 ;
; A[5]       ; Prod[7]     ; 5.894 ; 5.894 ; 5.894 ; 5.894 ;
; A[5]       ; Prod[8]     ; 6.155 ; 6.155 ; 6.155 ; 6.155 ;
; A[5]       ; Prod[9]     ; 5.918 ; 5.918 ; 5.918 ; 5.918 ;
; A[5]       ; Prod[10]    ; 6.205 ; 6.205 ; 6.205 ; 6.205 ;
; A[5]       ; Prod[11]    ; 5.979 ; 5.979 ; 5.979 ; 5.979 ;
; A[5]       ; Prod[12]    ; 5.907 ; 5.907 ; 5.907 ; 5.907 ;
; A[5]       ; Prod[13]    ; 5.896 ; 5.896 ; 5.896 ; 5.896 ;
; A[5]       ; Prod[14]    ; 5.896 ; 5.896 ; 5.896 ; 5.896 ;
; A[5]       ; Prod[15]    ; 5.928 ; 5.928 ; 5.928 ; 5.928 ;
; A[6]       ; Prod[6]     ; 6.054 ; 6.054 ; 6.054 ; 6.054 ;
; A[6]       ; Prod[7]     ; 6.028 ; 6.028 ; 6.028 ; 6.028 ;
; A[6]       ; Prod[8]     ; 6.289 ; 6.289 ; 6.289 ; 6.289 ;
; A[6]       ; Prod[9]     ; 6.052 ; 6.052 ; 6.052 ; 6.052 ;
; A[6]       ; Prod[10]    ; 6.339 ; 6.339 ; 6.339 ; 6.339 ;
; A[6]       ; Prod[11]    ; 6.113 ; 6.113 ; 6.113 ; 6.113 ;
; A[6]       ; Prod[12]    ; 6.041 ; 6.041 ; 6.041 ; 6.041 ;
; A[6]       ; Prod[13]    ; 6.030 ; 6.030 ; 6.030 ; 6.030 ;
; A[6]       ; Prod[14]    ; 6.030 ; 6.030 ; 6.030 ; 6.030 ;
; A[6]       ; Prod[15]    ; 6.062 ; 6.062 ; 6.062 ; 6.062 ;
; A[7]       ; Prod[7]     ; 5.835 ; 5.835 ; 5.835 ; 5.835 ;
; A[7]       ; Prod[8]     ; 6.096 ; 6.096 ; 6.096 ; 6.096 ;
; A[7]       ; Prod[9]     ; 5.859 ; 5.859 ; 5.859 ; 5.859 ;
; A[7]       ; Prod[10]    ; 6.146 ; 6.146 ; 6.146 ; 6.146 ;
; A[7]       ; Prod[11]    ; 5.920 ; 5.920 ; 5.920 ; 5.920 ;
; A[7]       ; Prod[12]    ; 5.848 ; 5.848 ; 5.848 ; 5.848 ;
; A[7]       ; Prod[13]    ; 5.837 ; 5.837 ; 5.837 ; 5.837 ;
; A[7]       ; Prod[14]    ; 5.837 ; 5.837 ; 5.837 ; 5.837 ;
; A[7]       ; Prod[15]    ; 5.869 ; 5.869 ; 5.869 ; 5.869 ;
; B[0]       ; Prod[0]     ; 6.035 ; 6.035 ; 6.035 ; 6.035 ;
; B[0]       ; Prod[1]     ; 5.929 ; 5.929 ; 5.929 ; 5.929 ;
; B[0]       ; Prod[2]     ; 5.918 ; 5.918 ; 5.918 ; 5.918 ;
; B[0]       ; Prod[3]     ; 7.021 ; 7.021 ; 7.021 ; 7.021 ;
; B[0]       ; Prod[4]     ; 6.219 ; 6.219 ; 6.219 ; 6.219 ;
; B[0]       ; Prod[5]     ; 7.131 ; 7.131 ; 7.131 ; 7.131 ;
; B[0]       ; Prod[6]     ; 5.939 ; 5.939 ; 5.939 ; 5.939 ;
; B[0]       ; Prod[7]     ; 5.913 ; 5.913 ; 5.913 ; 5.913 ;
; B[0]       ; Prod[8]     ; 6.174 ; 6.174 ; 6.174 ; 6.174 ;
; B[0]       ; Prod[9]     ; 5.937 ; 5.937 ; 5.937 ; 5.937 ;
; B[0]       ; Prod[10]    ; 6.224 ; 6.224 ; 6.224 ; 6.224 ;
; B[0]       ; Prod[11]    ; 5.998 ; 5.998 ; 5.998 ; 5.998 ;
; B[0]       ; Prod[12]    ; 5.926 ; 5.926 ; 5.926 ; 5.926 ;
; B[0]       ; Prod[13]    ; 5.915 ; 5.915 ; 5.915 ; 5.915 ;
; B[0]       ; Prod[14]    ; 5.915 ; 5.915 ; 5.915 ; 5.915 ;
; B[0]       ; Prod[15]    ; 5.947 ; 5.947 ; 5.947 ; 5.947 ;
; B[1]       ; Prod[1]     ; 5.723 ; 5.723 ; 5.723 ; 5.723 ;
; B[1]       ; Prod[2]     ; 5.712 ; 5.712 ; 5.712 ; 5.712 ;
; B[1]       ; Prod[3]     ; 6.815 ; 6.815 ; 6.815 ; 6.815 ;
; B[1]       ; Prod[4]     ; 6.013 ; 6.013 ; 6.013 ; 6.013 ;
; B[1]       ; Prod[5]     ; 6.925 ; 6.925 ; 6.925 ; 6.925 ;
; B[1]       ; Prod[6]     ; 5.733 ; 5.733 ; 5.733 ; 5.733 ;
; B[1]       ; Prod[7]     ; 5.707 ; 5.707 ; 5.707 ; 5.707 ;
; B[1]       ; Prod[8]     ; 5.968 ; 5.968 ; 5.968 ; 5.968 ;
; B[1]       ; Prod[9]     ; 5.731 ; 5.731 ; 5.731 ; 5.731 ;
; B[1]       ; Prod[10]    ; 6.018 ; 6.018 ; 6.018 ; 6.018 ;
; B[1]       ; Prod[11]    ; 5.792 ; 5.792 ; 5.792 ; 5.792 ;
; B[1]       ; Prod[12]    ; 5.720 ; 5.720 ; 5.720 ; 5.720 ;
; B[1]       ; Prod[13]    ; 5.709 ; 5.709 ; 5.709 ; 5.709 ;
; B[1]       ; Prod[14]    ; 5.709 ; 5.709 ; 5.709 ; 5.709 ;
; B[1]       ; Prod[15]    ; 5.741 ; 5.741 ; 5.741 ; 5.741 ;
; B[2]       ; Prod[2]     ; 5.587 ; 5.587 ; 5.587 ; 5.587 ;
; B[2]       ; Prod[3]     ; 6.690 ; 6.690 ; 6.690 ; 6.690 ;
; B[2]       ; Prod[4]     ; 5.888 ; 5.888 ; 5.888 ; 5.888 ;
; B[2]       ; Prod[5]     ; 6.800 ; 6.800 ; 6.800 ; 6.800 ;
; B[2]       ; Prod[6]     ; 5.608 ; 5.608 ; 5.608 ; 5.608 ;
; B[2]       ; Prod[7]     ; 5.582 ; 5.582 ; 5.582 ; 5.582 ;
; B[2]       ; Prod[8]     ; 5.843 ; 5.843 ; 5.843 ; 5.843 ;
; B[2]       ; Prod[9]     ; 5.606 ; 5.606 ; 5.606 ; 5.606 ;
; B[2]       ; Prod[10]    ; 5.893 ; 5.893 ; 5.893 ; 5.893 ;
; B[2]       ; Prod[11]    ; 5.667 ; 5.667 ; 5.667 ; 5.667 ;
; B[2]       ; Prod[12]    ; 5.595 ; 5.595 ; 5.595 ; 5.595 ;
; B[2]       ; Prod[13]    ; 5.584 ; 5.584 ; 5.584 ; 5.584 ;
; B[2]       ; Prod[14]    ; 5.584 ; 5.584 ; 5.584 ; 5.584 ;
; B[2]       ; Prod[15]    ; 5.616 ; 5.616 ; 5.616 ; 5.616 ;
; B[3]       ; Prod[3]     ; 6.811 ; 6.811 ; 6.811 ; 6.811 ;
; B[3]       ; Prod[4]     ; 6.009 ; 6.009 ; 6.009 ; 6.009 ;
; B[3]       ; Prod[5]     ; 6.921 ; 6.921 ; 6.921 ; 6.921 ;
; B[3]       ; Prod[6]     ; 5.729 ; 5.729 ; 5.729 ; 5.729 ;
; B[3]       ; Prod[7]     ; 5.703 ; 5.703 ; 5.703 ; 5.703 ;
; B[3]       ; Prod[8]     ; 5.964 ; 5.964 ; 5.964 ; 5.964 ;
; B[3]       ; Prod[9]     ; 5.727 ; 5.727 ; 5.727 ; 5.727 ;
; B[3]       ; Prod[10]    ; 6.014 ; 6.014 ; 6.014 ; 6.014 ;
; B[3]       ; Prod[11]    ; 5.788 ; 5.788 ; 5.788 ; 5.788 ;
; B[3]       ; Prod[12]    ; 5.716 ; 5.716 ; 5.716 ; 5.716 ;
; B[3]       ; Prod[13]    ; 5.705 ; 5.705 ; 5.705 ; 5.705 ;
; B[3]       ; Prod[14]    ; 5.705 ; 5.705 ; 5.705 ; 5.705 ;
; B[3]       ; Prod[15]    ; 5.737 ; 5.737 ; 5.737 ; 5.737 ;
; B[4]       ; Prod[4]     ; 5.900 ; 5.900 ; 5.900 ; 5.900 ;
; B[4]       ; Prod[5]     ; 6.812 ; 6.812 ; 6.812 ; 6.812 ;
; B[4]       ; Prod[6]     ; 5.620 ; 5.620 ; 5.620 ; 5.620 ;
; B[4]       ; Prod[7]     ; 5.594 ; 5.594 ; 5.594 ; 5.594 ;
; B[4]       ; Prod[8]     ; 5.855 ; 5.855 ; 5.855 ; 5.855 ;
; B[4]       ; Prod[9]     ; 5.618 ; 5.618 ; 5.618 ; 5.618 ;
; B[4]       ; Prod[10]    ; 5.905 ; 5.905 ; 5.905 ; 5.905 ;
; B[4]       ; Prod[11]    ; 5.679 ; 5.679 ; 5.679 ; 5.679 ;
; B[4]       ; Prod[12]    ; 5.607 ; 5.607 ; 5.607 ; 5.607 ;
; B[4]       ; Prod[13]    ; 5.596 ; 5.596 ; 5.596 ; 5.596 ;
; B[4]       ; Prod[14]    ; 5.596 ; 5.596 ; 5.596 ; 5.596 ;
; B[4]       ; Prod[15]    ; 5.628 ; 5.628 ; 5.628 ; 5.628 ;
; B[5]       ; Prod[5]     ; 6.981 ; 6.981 ; 6.981 ; 6.981 ;
; B[5]       ; Prod[6]     ; 5.789 ; 5.789 ; 5.789 ; 5.789 ;
; B[5]       ; Prod[7]     ; 5.763 ; 5.763 ; 5.763 ; 5.763 ;
; B[5]       ; Prod[8]     ; 6.024 ; 6.024 ; 6.024 ; 6.024 ;
; B[5]       ; Prod[9]     ; 5.787 ; 5.787 ; 5.787 ; 5.787 ;
; B[5]       ; Prod[10]    ; 6.074 ; 6.074 ; 6.074 ; 6.074 ;
; B[5]       ; Prod[11]    ; 5.848 ; 5.848 ; 5.848 ; 5.848 ;
; B[5]       ; Prod[12]    ; 5.776 ; 5.776 ; 5.776 ; 5.776 ;
; B[5]       ; Prod[13]    ; 5.765 ; 5.765 ; 5.765 ; 5.765 ;
; B[5]       ; Prod[14]    ; 5.765 ; 5.765 ; 5.765 ; 5.765 ;
; B[5]       ; Prod[15]    ; 5.797 ; 5.797 ; 5.797 ; 5.797 ;
; B[6]       ; Prod[6]     ; 5.742 ; 5.742 ; 5.742 ; 5.742 ;
; B[6]       ; Prod[7]     ; 5.716 ; 5.716 ; 5.716 ; 5.716 ;
; B[6]       ; Prod[8]     ; 5.977 ; 5.977 ; 5.977 ; 5.977 ;
; B[6]       ; Prod[9]     ; 5.740 ; 5.740 ; 5.740 ; 5.740 ;
; B[6]       ; Prod[10]    ; 6.027 ; 6.027 ; 6.027 ; 6.027 ;
; B[6]       ; Prod[11]    ; 5.801 ; 5.801 ; 5.801 ; 5.801 ;
; B[6]       ; Prod[12]    ; 5.729 ; 5.729 ; 5.729 ; 5.729 ;
; B[6]       ; Prod[13]    ; 5.718 ; 5.718 ; 5.718 ; 5.718 ;
; B[6]       ; Prod[14]    ; 5.718 ; 5.718 ; 5.718 ; 5.718 ;
; B[6]       ; Prod[15]    ; 5.750 ; 5.750 ; 5.750 ; 5.750 ;
; B[7]       ; Prod[7]     ; 5.785 ; 5.785 ; 5.785 ; 5.785 ;
; B[7]       ; Prod[8]     ; 6.046 ; 6.046 ; 6.046 ; 6.046 ;
; B[7]       ; Prod[9]     ; 5.809 ; 5.809 ; 5.809 ; 5.809 ;
; B[7]       ; Prod[10]    ; 6.096 ; 6.096 ; 6.096 ; 6.096 ;
; B[7]       ; Prod[11]    ; 5.870 ; 5.870 ; 5.870 ; 5.870 ;
; B[7]       ; Prod[12]    ; 5.798 ; 5.798 ; 5.798 ; 5.798 ;
; B[7]       ; Prod[13]    ; 5.787 ; 5.787 ; 5.787 ; 5.787 ;
; B[7]       ; Prod[14]    ; 5.787 ; 5.787 ; 5.787 ; 5.787 ;
; B[7]       ; Prod[15]    ; 5.819 ; 5.819 ; 5.819 ; 5.819 ;
+------------+-------------+-------+-------+-------+-------+


+----------------------------------------------------------+
; Minimum Propagation Delay                                ;
+------------+-------------+-------+-------+-------+-------+
; Input Port ; Output Port ; RR    ; RF    ; FR    ; FF    ;
+------------+-------------+-------+-------+-------+-------+
; A[0]       ; Prod[0]     ; 3.579 ; 3.579 ; 3.579 ; 3.579 ;
; A[0]       ; Prod[1]     ; 3.473 ; 3.473 ; 3.473 ; 3.473 ;
; A[0]       ; Prod[2]     ; 3.462 ; 3.462 ; 3.462 ; 3.462 ;
; A[0]       ; Prod[3]     ; 4.565 ; 4.565 ; 4.565 ; 4.565 ;
; A[0]       ; Prod[4]     ; 3.763 ; 3.763 ; 3.763 ; 3.763 ;
; A[0]       ; Prod[5]     ; 4.675 ; 4.675 ; 4.675 ; 4.675 ;
; A[0]       ; Prod[6]     ; 3.483 ; 3.483 ; 3.483 ; 3.483 ;
; A[0]       ; Prod[7]     ; 3.457 ; 3.457 ; 3.457 ; 3.457 ;
; A[0]       ; Prod[8]     ; 3.718 ; 3.718 ; 3.718 ; 3.718 ;
; A[0]       ; Prod[9]     ; 3.481 ; 3.481 ; 3.481 ; 3.481 ;
; A[0]       ; Prod[10]    ; 3.768 ; 3.768 ; 3.768 ; 3.768 ;
; A[0]       ; Prod[11]    ; 3.542 ; 3.542 ; 3.542 ; 3.542 ;
; A[0]       ; Prod[12]    ; 3.470 ; 3.470 ; 3.470 ; 3.470 ;
; A[0]       ; Prod[13]    ; 3.459 ; 3.459 ; 3.459 ; 3.459 ;
; A[0]       ; Prod[14]    ; 3.459 ; 3.459 ; 3.459 ; 3.459 ;
; A[0]       ; Prod[15]    ; 3.491 ; 3.491 ; 3.491 ; 3.491 ;
; A[1]       ; Prod[1]     ; 3.465 ; 3.465 ; 3.465 ; 3.465 ;
; A[1]       ; Prod[2]     ; 3.454 ; 3.454 ; 3.454 ; 3.454 ;
; A[1]       ; Prod[3]     ; 4.557 ; 4.557 ; 4.557 ; 4.557 ;
; A[1]       ; Prod[4]     ; 3.755 ; 3.755 ; 3.755 ; 3.755 ;
; A[1]       ; Prod[5]     ; 4.667 ; 4.667 ; 4.667 ; 4.667 ;
; A[1]       ; Prod[6]     ; 3.475 ; 3.475 ; 3.475 ; 3.475 ;
; A[1]       ; Prod[7]     ; 3.449 ; 3.449 ; 3.449 ; 3.449 ;
; A[1]       ; Prod[8]     ; 3.710 ; 3.710 ; 3.710 ; 3.710 ;
; A[1]       ; Prod[9]     ; 3.473 ; 3.473 ; 3.473 ; 3.473 ;
; A[1]       ; Prod[10]    ; 3.760 ; 3.760 ; 3.760 ; 3.760 ;
; A[1]       ; Prod[11]    ; 3.534 ; 3.534 ; 3.534 ; 3.534 ;
; A[1]       ; Prod[12]    ; 3.462 ; 3.462 ; 3.462 ; 3.462 ;
; A[1]       ; Prod[13]    ; 3.451 ; 3.451 ; 3.451 ; 3.451 ;
; A[1]       ; Prod[14]    ; 3.451 ; 3.451 ; 3.451 ; 3.451 ;
; A[1]       ; Prod[15]    ; 3.483 ; 3.483 ; 3.483 ; 3.483 ;
; A[2]       ; Prod[2]     ; 6.027 ; 6.027 ; 6.027 ; 6.027 ;
; A[2]       ; Prod[3]     ; 7.130 ; 7.130 ; 7.130 ; 7.130 ;
; A[2]       ; Prod[4]     ; 6.328 ; 6.328 ; 6.328 ; 6.328 ;
; A[2]       ; Prod[5]     ; 7.240 ; 7.240 ; 7.240 ; 7.240 ;
; A[2]       ; Prod[6]     ; 6.048 ; 6.048 ; 6.048 ; 6.048 ;
; A[2]       ; Prod[7]     ; 6.022 ; 6.022 ; 6.022 ; 6.022 ;
; A[2]       ; Prod[8]     ; 6.283 ; 6.283 ; 6.283 ; 6.283 ;
; A[2]       ; Prod[9]     ; 6.046 ; 6.046 ; 6.046 ; 6.046 ;
; A[2]       ; Prod[10]    ; 6.333 ; 6.333 ; 6.333 ; 6.333 ;
; A[2]       ; Prod[11]    ; 6.107 ; 6.107 ; 6.107 ; 6.107 ;
; A[2]       ; Prod[12]    ; 6.035 ; 6.035 ; 6.035 ; 6.035 ;
; A[2]       ; Prod[13]    ; 6.024 ; 6.024 ; 6.024 ; 6.024 ;
; A[2]       ; Prod[14]    ; 6.024 ; 6.024 ; 6.024 ; 6.024 ;
; A[2]       ; Prod[15]    ; 6.056 ; 6.056 ; 6.056 ; 6.056 ;
; A[3]       ; Prod[3]     ; 7.015 ; 7.015 ; 7.015 ; 7.015 ;
; A[3]       ; Prod[4]     ; 6.213 ; 6.213 ; 6.213 ; 6.213 ;
; A[3]       ; Prod[5]     ; 7.125 ; 7.125 ; 7.125 ; 7.125 ;
; A[3]       ; Prod[6]     ; 5.933 ; 5.933 ; 5.933 ; 5.933 ;
; A[3]       ; Prod[7]     ; 5.907 ; 5.907 ; 5.907 ; 5.907 ;
; A[3]       ; Prod[8]     ; 6.168 ; 6.168 ; 6.168 ; 6.168 ;
; A[3]       ; Prod[9]     ; 5.931 ; 5.931 ; 5.931 ; 5.931 ;
; A[3]       ; Prod[10]    ; 6.218 ; 6.218 ; 6.218 ; 6.218 ;
; A[3]       ; Prod[11]    ; 5.992 ; 5.992 ; 5.992 ; 5.992 ;
; A[3]       ; Prod[12]    ; 5.920 ; 5.920 ; 5.920 ; 5.920 ;
; A[3]       ; Prod[13]    ; 5.909 ; 5.909 ; 5.909 ; 5.909 ;
; A[3]       ; Prod[14]    ; 5.909 ; 5.909 ; 5.909 ; 5.909 ;
; A[3]       ; Prod[15]    ; 5.941 ; 5.941 ; 5.941 ; 5.941 ;
; A[4]       ; Prod[4]     ; 6.123 ; 6.123 ; 6.123 ; 6.123 ;
; A[4]       ; Prod[5]     ; 7.035 ; 7.035 ; 7.035 ; 7.035 ;
; A[4]       ; Prod[6]     ; 5.843 ; 5.843 ; 5.843 ; 5.843 ;
; A[4]       ; Prod[7]     ; 5.817 ; 5.817 ; 5.817 ; 5.817 ;
; A[4]       ; Prod[8]     ; 6.078 ; 6.078 ; 6.078 ; 6.078 ;
; A[4]       ; Prod[9]     ; 5.841 ; 5.841 ; 5.841 ; 5.841 ;
; A[4]       ; Prod[10]    ; 6.128 ; 6.128 ; 6.128 ; 6.128 ;
; A[4]       ; Prod[11]    ; 5.902 ; 5.902 ; 5.902 ; 5.902 ;
; A[4]       ; Prod[12]    ; 5.830 ; 5.830 ; 5.830 ; 5.830 ;
; A[4]       ; Prod[13]    ; 5.819 ; 5.819 ; 5.819 ; 5.819 ;
; A[4]       ; Prod[14]    ; 5.819 ; 5.819 ; 5.819 ; 5.819 ;
; A[4]       ; Prod[15]    ; 5.851 ; 5.851 ; 5.851 ; 5.851 ;
; A[5]       ; Prod[5]     ; 7.112 ; 7.112 ; 7.112 ; 7.112 ;
; A[5]       ; Prod[6]     ; 5.920 ; 5.920 ; 5.920 ; 5.920 ;
; A[5]       ; Prod[7]     ; 5.894 ; 5.894 ; 5.894 ; 5.894 ;
; A[5]       ; Prod[8]     ; 6.155 ; 6.155 ; 6.155 ; 6.155 ;
; A[5]       ; Prod[9]     ; 5.918 ; 5.918 ; 5.918 ; 5.918 ;
; A[5]       ; Prod[10]    ; 6.205 ; 6.205 ; 6.205 ; 6.205 ;
; A[5]       ; Prod[11]    ; 5.979 ; 5.979 ; 5.979 ; 5.979 ;
; A[5]       ; Prod[12]    ; 5.907 ; 5.907 ; 5.907 ; 5.907 ;
; A[5]       ; Prod[13]    ; 5.896 ; 5.896 ; 5.896 ; 5.896 ;
; A[5]       ; Prod[14]    ; 5.896 ; 5.896 ; 5.896 ; 5.896 ;
; A[5]       ; Prod[15]    ; 5.928 ; 5.928 ; 5.928 ; 5.928 ;
; A[6]       ; Prod[6]     ; 6.054 ; 6.054 ; 6.054 ; 6.054 ;
; A[6]       ; Prod[7]     ; 6.028 ; 6.028 ; 6.028 ; 6.028 ;
; A[6]       ; Prod[8]     ; 6.289 ; 6.289 ; 6.289 ; 6.289 ;
; A[6]       ; Prod[9]     ; 6.052 ; 6.052 ; 6.052 ; 6.052 ;
; A[6]       ; Prod[10]    ; 6.339 ; 6.339 ; 6.339 ; 6.339 ;
; A[6]       ; Prod[11]    ; 6.113 ; 6.113 ; 6.113 ; 6.113 ;
; A[6]       ; Prod[12]    ; 6.041 ; 6.041 ; 6.041 ; 6.041 ;
; A[6]       ; Prod[13]    ; 6.030 ; 6.030 ; 6.030 ; 6.030 ;
; A[6]       ; Prod[14]    ; 6.030 ; 6.030 ; 6.030 ; 6.030 ;
; A[6]       ; Prod[15]    ; 6.062 ; 6.062 ; 6.062 ; 6.062 ;
; A[7]       ; Prod[7]     ; 5.835 ; 5.835 ; 5.835 ; 5.835 ;
; A[7]       ; Prod[8]     ; 6.096 ; 6.096 ; 6.096 ; 6.096 ;
; A[7]       ; Prod[9]     ; 5.859 ; 5.859 ; 5.859 ; 5.859 ;
; A[7]       ; Prod[10]    ; 6.146 ; 6.146 ; 6.146 ; 6.146 ;
; A[7]       ; Prod[11]    ; 5.920 ; 5.920 ; 5.920 ; 5.920 ;
; A[7]       ; Prod[12]    ; 5.848 ; 5.848 ; 5.848 ; 5.848 ;
; A[7]       ; Prod[13]    ; 5.837 ; 5.837 ; 5.837 ; 5.837 ;
; A[7]       ; Prod[14]    ; 5.837 ; 5.837 ; 5.837 ; 5.837 ;
; A[7]       ; Prod[15]    ; 5.869 ; 5.869 ; 5.869 ; 5.869 ;
; B[0]       ; Prod[0]     ; 6.035 ; 6.035 ; 6.035 ; 6.035 ;
; B[0]       ; Prod[1]     ; 5.929 ; 5.929 ; 5.929 ; 5.929 ;
; B[0]       ; Prod[2]     ; 5.918 ; 5.918 ; 5.918 ; 5.918 ;
; B[0]       ; Prod[3]     ; 7.021 ; 7.021 ; 7.021 ; 7.021 ;
; B[0]       ; Prod[4]     ; 6.219 ; 6.219 ; 6.219 ; 6.219 ;
; B[0]       ; Prod[5]     ; 7.131 ; 7.131 ; 7.131 ; 7.131 ;
; B[0]       ; Prod[6]     ; 5.939 ; 5.939 ; 5.939 ; 5.939 ;
; B[0]       ; Prod[7]     ; 5.913 ; 5.913 ; 5.913 ; 5.913 ;
; B[0]       ; Prod[8]     ; 6.174 ; 6.174 ; 6.174 ; 6.174 ;
; B[0]       ; Prod[9]     ; 5.937 ; 5.937 ; 5.937 ; 5.937 ;
; B[0]       ; Prod[10]    ; 6.224 ; 6.224 ; 6.224 ; 6.224 ;
; B[0]       ; Prod[11]    ; 5.998 ; 5.998 ; 5.998 ; 5.998 ;
; B[0]       ; Prod[12]    ; 5.926 ; 5.926 ; 5.926 ; 5.926 ;
; B[0]       ; Prod[13]    ; 5.915 ; 5.915 ; 5.915 ; 5.915 ;
; B[0]       ; Prod[14]    ; 5.915 ; 5.915 ; 5.915 ; 5.915 ;
; B[0]       ; Prod[15]    ; 5.947 ; 5.947 ; 5.947 ; 5.947 ;
; B[1]       ; Prod[1]     ; 5.723 ; 5.723 ; 5.723 ; 5.723 ;
; B[1]       ; Prod[2]     ; 5.712 ; 5.712 ; 5.712 ; 5.712 ;
; B[1]       ; Prod[3]     ; 6.815 ; 6.815 ; 6.815 ; 6.815 ;
; B[1]       ; Prod[4]     ; 6.013 ; 6.013 ; 6.013 ; 6.013 ;
; B[1]       ; Prod[5]     ; 6.925 ; 6.925 ; 6.925 ; 6.925 ;
; B[1]       ; Prod[6]     ; 5.733 ; 5.733 ; 5.733 ; 5.733 ;
; B[1]       ; Prod[7]     ; 5.707 ; 5.707 ; 5.707 ; 5.707 ;
; B[1]       ; Prod[8]     ; 5.968 ; 5.968 ; 5.968 ; 5.968 ;
; B[1]       ; Prod[9]     ; 5.731 ; 5.731 ; 5.731 ; 5.731 ;
; B[1]       ; Prod[10]    ; 6.018 ; 6.018 ; 6.018 ; 6.018 ;
; B[1]       ; Prod[11]    ; 5.792 ; 5.792 ; 5.792 ; 5.792 ;
; B[1]       ; Prod[12]    ; 5.720 ; 5.720 ; 5.720 ; 5.720 ;
; B[1]       ; Prod[13]    ; 5.709 ; 5.709 ; 5.709 ; 5.709 ;
; B[1]       ; Prod[14]    ; 5.709 ; 5.709 ; 5.709 ; 5.709 ;
; B[1]       ; Prod[15]    ; 5.741 ; 5.741 ; 5.741 ; 5.741 ;
; B[2]       ; Prod[2]     ; 5.587 ; 5.587 ; 5.587 ; 5.587 ;
; B[2]       ; Prod[3]     ; 6.690 ; 6.690 ; 6.690 ; 6.690 ;
; B[2]       ; Prod[4]     ; 5.888 ; 5.888 ; 5.888 ; 5.888 ;
; B[2]       ; Prod[5]     ; 6.800 ; 6.800 ; 6.800 ; 6.800 ;
; B[2]       ; Prod[6]     ; 5.608 ; 5.608 ; 5.608 ; 5.608 ;
; B[2]       ; Prod[7]     ; 5.582 ; 5.582 ; 5.582 ; 5.582 ;
; B[2]       ; Prod[8]     ; 5.843 ; 5.843 ; 5.843 ; 5.843 ;
; B[2]       ; Prod[9]     ; 5.606 ; 5.606 ; 5.606 ; 5.606 ;
; B[2]       ; Prod[10]    ; 5.893 ; 5.893 ; 5.893 ; 5.893 ;
; B[2]       ; Prod[11]    ; 5.667 ; 5.667 ; 5.667 ; 5.667 ;
; B[2]       ; Prod[12]    ; 5.595 ; 5.595 ; 5.595 ; 5.595 ;
; B[2]       ; Prod[13]    ; 5.584 ; 5.584 ; 5.584 ; 5.584 ;
; B[2]       ; Prod[14]    ; 5.584 ; 5.584 ; 5.584 ; 5.584 ;
; B[2]       ; Prod[15]    ; 5.616 ; 5.616 ; 5.616 ; 5.616 ;
; B[3]       ; Prod[3]     ; 6.811 ; 6.811 ; 6.811 ; 6.811 ;
; B[3]       ; Prod[4]     ; 6.009 ; 6.009 ; 6.009 ; 6.009 ;
; B[3]       ; Prod[5]     ; 6.921 ; 6.921 ; 6.921 ; 6.921 ;
; B[3]       ; Prod[6]     ; 5.729 ; 5.729 ; 5.729 ; 5.729 ;
; B[3]       ; Prod[7]     ; 5.703 ; 5.703 ; 5.703 ; 5.703 ;
; B[3]       ; Prod[8]     ; 5.964 ; 5.964 ; 5.964 ; 5.964 ;
; B[3]       ; Prod[9]     ; 5.727 ; 5.727 ; 5.727 ; 5.727 ;
; B[3]       ; Prod[10]    ; 6.014 ; 6.014 ; 6.014 ; 6.014 ;
; B[3]       ; Prod[11]    ; 5.788 ; 5.788 ; 5.788 ; 5.788 ;
; B[3]       ; Prod[12]    ; 5.716 ; 5.716 ; 5.716 ; 5.716 ;
; B[3]       ; Prod[13]    ; 5.705 ; 5.705 ; 5.705 ; 5.705 ;
; B[3]       ; Prod[14]    ; 5.705 ; 5.705 ; 5.705 ; 5.705 ;
; B[3]       ; Prod[15]    ; 5.737 ; 5.737 ; 5.737 ; 5.737 ;
; B[4]       ; Prod[4]     ; 5.900 ; 5.900 ; 5.900 ; 5.900 ;
; B[4]       ; Prod[5]     ; 6.812 ; 6.812 ; 6.812 ; 6.812 ;
; B[4]       ; Prod[6]     ; 5.620 ; 5.620 ; 5.620 ; 5.620 ;
; B[4]       ; Prod[7]     ; 5.594 ; 5.594 ; 5.594 ; 5.594 ;
; B[4]       ; Prod[8]     ; 5.855 ; 5.855 ; 5.855 ; 5.855 ;
; B[4]       ; Prod[9]     ; 5.618 ; 5.618 ; 5.618 ; 5.618 ;
; B[4]       ; Prod[10]    ; 5.905 ; 5.905 ; 5.905 ; 5.905 ;
; B[4]       ; Prod[11]    ; 5.679 ; 5.679 ; 5.679 ; 5.679 ;
; B[4]       ; Prod[12]    ; 5.607 ; 5.607 ; 5.607 ; 5.607 ;
; B[4]       ; Prod[13]    ; 5.596 ; 5.596 ; 5.596 ; 5.596 ;
; B[4]       ; Prod[14]    ; 5.596 ; 5.596 ; 5.596 ; 5.596 ;
; B[4]       ; Prod[15]    ; 5.628 ; 5.628 ; 5.628 ; 5.628 ;
; B[5]       ; Prod[5]     ; 6.981 ; 6.981 ; 6.981 ; 6.981 ;
; B[5]       ; Prod[6]     ; 5.789 ; 5.789 ; 5.789 ; 5.789 ;
; B[5]       ; Prod[7]     ; 5.763 ; 5.763 ; 5.763 ; 5.763 ;
; B[5]       ; Prod[8]     ; 6.024 ; 6.024 ; 6.024 ; 6.024 ;
; B[5]       ; Prod[9]     ; 5.787 ; 5.787 ; 5.787 ; 5.787 ;
; B[5]       ; Prod[10]    ; 6.074 ; 6.074 ; 6.074 ; 6.074 ;
; B[5]       ; Prod[11]    ; 5.848 ; 5.848 ; 5.848 ; 5.848 ;
; B[5]       ; Prod[12]    ; 5.776 ; 5.776 ; 5.776 ; 5.776 ;
; B[5]       ; Prod[13]    ; 5.765 ; 5.765 ; 5.765 ; 5.765 ;
; B[5]       ; Prod[14]    ; 5.765 ; 5.765 ; 5.765 ; 5.765 ;
; B[5]       ; Prod[15]    ; 5.797 ; 5.797 ; 5.797 ; 5.797 ;
; B[6]       ; Prod[6]     ; 5.742 ; 5.742 ; 5.742 ; 5.742 ;
; B[6]       ; Prod[7]     ; 5.716 ; 5.716 ; 5.716 ; 5.716 ;
; B[6]       ; Prod[8]     ; 5.977 ; 5.977 ; 5.977 ; 5.977 ;
; B[6]       ; Prod[9]     ; 5.740 ; 5.740 ; 5.740 ; 5.740 ;
; B[6]       ; Prod[10]    ; 6.027 ; 6.027 ; 6.027 ; 6.027 ;
; B[6]       ; Prod[11]    ; 5.801 ; 5.801 ; 5.801 ; 5.801 ;
; B[6]       ; Prod[12]    ; 5.729 ; 5.729 ; 5.729 ; 5.729 ;
; B[6]       ; Prod[13]    ; 5.718 ; 5.718 ; 5.718 ; 5.718 ;
; B[6]       ; Prod[14]    ; 5.718 ; 5.718 ; 5.718 ; 5.718 ;
; B[6]       ; Prod[15]    ; 5.750 ; 5.750 ; 5.750 ; 5.750 ;
; B[7]       ; Prod[7]     ; 5.785 ; 5.785 ; 5.785 ; 5.785 ;
; B[7]       ; Prod[8]     ; 6.046 ; 6.046 ; 6.046 ; 6.046 ;
; B[7]       ; Prod[9]     ; 5.809 ; 5.809 ; 5.809 ; 5.809 ;
; B[7]       ; Prod[10]    ; 6.096 ; 6.096 ; 6.096 ; 6.096 ;
; B[7]       ; Prod[11]    ; 5.870 ; 5.870 ; 5.870 ; 5.870 ;
; B[7]       ; Prod[12]    ; 5.798 ; 5.798 ; 5.798 ; 5.798 ;
; B[7]       ; Prod[13]    ; 5.787 ; 5.787 ; 5.787 ; 5.787 ;
; B[7]       ; Prod[14]    ; 5.787 ; 5.787 ; 5.787 ; 5.787 ;
; B[7]       ; Prod[15]    ; 5.819 ; 5.819 ; 5.819 ; 5.819 ;
+------------+-------------+-------+-------+-------+-------+


+----------------------------------------------------------------------------+
; Multicorner Timing Analysis Summary                                        ;
+------------------+-------+------+----------+---------+---------------------+
; Clock            ; Setup ; Hold ; Recovery ; Removal ; Minimum Pulse Width ;
+------------------+-------+------+----------+---------+---------------------+
; Worst-case Slack ; N/A   ; N/A  ; N/A      ; N/A     ; N/A                 ;
; Design-wide TNS  ; 0.0   ; 0.0  ; 0.0      ; 0.0     ; 0.0                 ;
+------------------+-------+------+----------+---------+---------------------+


+--------------------------------------------------------------+
; Progagation Delay                                            ;
+------------+-------------+--------+--------+--------+--------+
; Input Port ; Output Port ; RR     ; RF     ; FR     ; FF     ;
+------------+-------------+--------+--------+--------+--------+
; A[0]       ; Prod[0]     ; 8.334  ; 8.334  ; 8.334  ; 8.334  ;
; A[0]       ; Prod[1]     ; 8.097  ; 8.097  ; 8.097  ; 8.097  ;
; A[0]       ; Prod[2]     ; 8.088  ; 8.088  ; 8.088  ; 8.088  ;
; A[0]       ; Prod[3]     ; 10.374 ; 10.374 ; 10.374 ; 10.374 ;
; A[0]       ; Prod[4]     ; 8.669  ; 8.669  ; 8.669  ; 8.669  ;
; A[0]       ; Prod[5]     ; 10.598 ; 10.598 ; 10.598 ; 10.598 ;
; A[0]       ; Prod[6]     ; 8.112  ; 8.112  ; 8.112  ; 8.112  ;
; A[0]       ; Prod[7]     ; 8.082  ; 8.082  ; 8.082  ; 8.082  ;
; A[0]       ; Prod[8]     ; 8.571  ; 8.571  ; 8.571  ; 8.571  ;
; A[0]       ; Prod[9]     ; 8.107  ; 8.107  ; 8.107  ; 8.107  ;
; A[0]       ; Prod[10]    ; 8.698  ; 8.698  ; 8.698  ; 8.698  ;
; A[0]       ; Prod[11]    ; 8.292  ; 8.292  ; 8.292  ; 8.292  ;
; A[0]       ; Prod[12]    ; 8.100  ; 8.100  ; 8.100  ; 8.100  ;
; A[0]       ; Prod[13]    ; 8.085  ; 8.085  ; 8.085  ; 8.085  ;
; A[0]       ; Prod[14]    ; 8.086  ; 8.086  ; 8.086  ; 8.086  ;
; A[0]       ; Prod[15]    ; 8.119  ; 8.119  ; 8.119  ; 8.119  ;
; A[1]       ; Prod[1]     ; 8.087  ; 8.087  ; 8.087  ; 8.087  ;
; A[1]       ; Prod[2]     ; 8.078  ; 8.078  ; 8.078  ; 8.078  ;
; A[1]       ; Prod[3]     ; 10.364 ; 10.364 ; 10.364 ; 10.364 ;
; A[1]       ; Prod[4]     ; 8.659  ; 8.659  ; 8.659  ; 8.659  ;
; A[1]       ; Prod[5]     ; 10.588 ; 10.588 ; 10.588 ; 10.588 ;
; A[1]       ; Prod[6]     ; 8.102  ; 8.102  ; 8.102  ; 8.102  ;
; A[1]       ; Prod[7]     ; 8.072  ; 8.072  ; 8.072  ; 8.072  ;
; A[1]       ; Prod[8]     ; 8.561  ; 8.561  ; 8.561  ; 8.561  ;
; A[1]       ; Prod[9]     ; 8.097  ; 8.097  ; 8.097  ; 8.097  ;
; A[1]       ; Prod[10]    ; 8.688  ; 8.688  ; 8.688  ; 8.688  ;
; A[1]       ; Prod[11]    ; 8.282  ; 8.282  ; 8.282  ; 8.282  ;
; A[1]       ; Prod[12]    ; 8.090  ; 8.090  ; 8.090  ; 8.090  ;
; A[1]       ; Prod[13]    ; 8.075  ; 8.075  ; 8.075  ; 8.075  ;
; A[1]       ; Prod[14]    ; 8.076  ; 8.076  ; 8.076  ; 8.076  ;
; A[1]       ; Prod[15]    ; 8.109  ; 8.109  ; 8.109  ; 8.109  ;
; A[2]       ; Prod[2]     ; 12.350 ; 12.350 ; 12.350 ; 12.350 ;
; A[2]       ; Prod[3]     ; 14.636 ; 14.636 ; 14.636 ; 14.636 ;
; A[2]       ; Prod[4]     ; 12.931 ; 12.931 ; 12.931 ; 12.931 ;
; A[2]       ; Prod[5]     ; 14.860 ; 14.860 ; 14.860 ; 14.860 ;
; A[2]       ; Prod[6]     ; 12.374 ; 12.374 ; 12.374 ; 12.374 ;
; A[2]       ; Prod[7]     ; 12.344 ; 12.344 ; 12.344 ; 12.344 ;
; A[2]       ; Prod[8]     ; 12.833 ; 12.833 ; 12.833 ; 12.833 ;
; A[2]       ; Prod[9]     ; 12.369 ; 12.369 ; 12.369 ; 12.369 ;
; A[2]       ; Prod[10]    ; 12.960 ; 12.960 ; 12.960 ; 12.960 ;
; A[2]       ; Prod[11]    ; 12.554 ; 12.554 ; 12.554 ; 12.554 ;
; A[2]       ; Prod[12]    ; 12.362 ; 12.362 ; 12.362 ; 12.362 ;
; A[2]       ; Prod[13]    ; 12.347 ; 12.347 ; 12.347 ; 12.347 ;
; A[2]       ; Prod[14]    ; 12.348 ; 12.348 ; 12.348 ; 12.348 ;
; A[2]       ; Prod[15]    ; 12.381 ; 12.381 ; 12.381 ; 12.381 ;
; A[3]       ; Prod[3]     ; 14.388 ; 14.388 ; 14.388 ; 14.388 ;
; A[3]       ; Prod[4]     ; 12.683 ; 12.683 ; 12.683 ; 12.683 ;
; A[3]       ; Prod[5]     ; 14.612 ; 14.612 ; 14.612 ; 14.612 ;
; A[3]       ; Prod[6]     ; 12.126 ; 12.126 ; 12.126 ; 12.126 ;
; A[3]       ; Prod[7]     ; 12.096 ; 12.096 ; 12.096 ; 12.096 ;
; A[3]       ; Prod[8]     ; 12.585 ; 12.585 ; 12.585 ; 12.585 ;
; A[3]       ; Prod[9]     ; 12.121 ; 12.121 ; 12.121 ; 12.121 ;
; A[3]       ; Prod[10]    ; 12.712 ; 12.712 ; 12.712 ; 12.712 ;
; A[3]       ; Prod[11]    ; 12.306 ; 12.306 ; 12.306 ; 12.306 ;
; A[3]       ; Prod[12]    ; 12.114 ; 12.114 ; 12.114 ; 12.114 ;
; A[3]       ; Prod[13]    ; 12.099 ; 12.099 ; 12.099 ; 12.099 ;
; A[3]       ; Prod[14]    ; 12.100 ; 12.100 ; 12.100 ; 12.100 ;
; A[3]       ; Prod[15]    ; 12.133 ; 12.133 ; 12.133 ; 12.133 ;
; A[4]       ; Prod[4]     ; 12.468 ; 12.468 ; 12.468 ; 12.468 ;
; A[4]       ; Prod[5]     ; 14.397 ; 14.397 ; 14.397 ; 14.397 ;
; A[4]       ; Prod[6]     ; 11.911 ; 11.911 ; 11.911 ; 11.911 ;
; A[4]       ; Prod[7]     ; 11.881 ; 11.881 ; 11.881 ; 11.881 ;
; A[4]       ; Prod[8]     ; 12.370 ; 12.370 ; 12.370 ; 12.370 ;
; A[4]       ; Prod[9]     ; 11.906 ; 11.906 ; 11.906 ; 11.906 ;
; A[4]       ; Prod[10]    ; 12.497 ; 12.497 ; 12.497 ; 12.497 ;
; A[4]       ; Prod[11]    ; 12.091 ; 12.091 ; 12.091 ; 12.091 ;
; A[4]       ; Prod[12]    ; 11.899 ; 11.899 ; 11.899 ; 11.899 ;
; A[4]       ; Prod[13]    ; 11.884 ; 11.884 ; 11.884 ; 11.884 ;
; A[4]       ; Prod[14]    ; 11.885 ; 11.885 ; 11.885 ; 11.885 ;
; A[4]       ; Prod[15]    ; 11.918 ; 11.918 ; 11.918 ; 11.918 ;
; A[5]       ; Prod[5]     ; 14.604 ; 14.604 ; 14.604 ; 14.604 ;
; A[5]       ; Prod[6]     ; 12.118 ; 12.118 ; 12.118 ; 12.118 ;
; A[5]       ; Prod[7]     ; 12.088 ; 12.088 ; 12.088 ; 12.088 ;
; A[5]       ; Prod[8]     ; 12.577 ; 12.577 ; 12.577 ; 12.577 ;
; A[5]       ; Prod[9]     ; 12.113 ; 12.113 ; 12.113 ; 12.113 ;
; A[5]       ; Prod[10]    ; 12.704 ; 12.704 ; 12.704 ; 12.704 ;
; A[5]       ; Prod[11]    ; 12.298 ; 12.298 ; 12.298 ; 12.298 ;
; A[5]       ; Prod[12]    ; 12.106 ; 12.106 ; 12.106 ; 12.106 ;
; A[5]       ; Prod[13]    ; 12.091 ; 12.091 ; 12.091 ; 12.091 ;
; A[5]       ; Prod[14]    ; 12.092 ; 12.092 ; 12.092 ; 12.092 ;
; A[5]       ; Prod[15]    ; 12.125 ; 12.125 ; 12.125 ; 12.125 ;
; A[6]       ; Prod[6]     ; 12.386 ; 12.386 ; 12.386 ; 12.386 ;
; A[6]       ; Prod[7]     ; 12.356 ; 12.356 ; 12.356 ; 12.356 ;
; A[6]       ; Prod[8]     ; 12.845 ; 12.845 ; 12.845 ; 12.845 ;
; A[6]       ; Prod[9]     ; 12.381 ; 12.381 ; 12.381 ; 12.381 ;
; A[6]       ; Prod[10]    ; 12.972 ; 12.972 ; 12.972 ; 12.972 ;
; A[6]       ; Prod[11]    ; 12.566 ; 12.566 ; 12.566 ; 12.566 ;
; A[6]       ; Prod[12]    ; 12.374 ; 12.374 ; 12.374 ; 12.374 ;
; A[6]       ; Prod[13]    ; 12.359 ; 12.359 ; 12.359 ; 12.359 ;
; A[6]       ; Prod[14]    ; 12.360 ; 12.360 ; 12.360 ; 12.360 ;
; A[6]       ; Prod[15]    ; 12.393 ; 12.393 ; 12.393 ; 12.393 ;
; A[7]       ; Prod[7]     ; 11.910 ; 11.910 ; 11.910 ; 11.910 ;
; A[7]       ; Prod[8]     ; 12.399 ; 12.399 ; 12.399 ; 12.399 ;
; A[7]       ; Prod[9]     ; 11.935 ; 11.935 ; 11.935 ; 11.935 ;
; A[7]       ; Prod[10]    ; 12.526 ; 12.526 ; 12.526 ; 12.526 ;
; A[7]       ; Prod[11]    ; 12.120 ; 12.120 ; 12.120 ; 12.120 ;
; A[7]       ; Prod[12]    ; 11.928 ; 11.928 ; 11.928 ; 11.928 ;
; A[7]       ; Prod[13]    ; 11.913 ; 11.913 ; 11.913 ; 11.913 ;
; A[7]       ; Prod[14]    ; 11.914 ; 11.914 ; 11.914 ; 11.914 ;
; A[7]       ; Prod[15]    ; 11.947 ; 11.947 ; 11.947 ; 11.947 ;
; B[0]       ; Prod[0]     ; 12.699 ; 12.699 ; 12.699 ; 12.699 ;
; B[0]       ; Prod[1]     ; 12.462 ; 12.462 ; 12.462 ; 12.462 ;
; B[0]       ; Prod[2]     ; 12.453 ; 12.453 ; 12.453 ; 12.453 ;
; B[0]       ; Prod[3]     ; 14.739 ; 14.739 ; 14.739 ; 14.739 ;
; B[0]       ; Prod[4]     ; 13.034 ; 13.034 ; 13.034 ; 13.034 ;
; B[0]       ; Prod[5]     ; 14.963 ; 14.963 ; 14.963 ; 14.963 ;
; B[0]       ; Prod[6]     ; 12.477 ; 12.477 ; 12.477 ; 12.477 ;
; B[0]       ; Prod[7]     ; 12.447 ; 12.447 ; 12.447 ; 12.447 ;
; B[0]       ; Prod[8]     ; 12.936 ; 12.936 ; 12.936 ; 12.936 ;
; B[0]       ; Prod[9]     ; 12.472 ; 12.472 ; 12.472 ; 12.472 ;
; B[0]       ; Prod[10]    ; 13.063 ; 13.063 ; 13.063 ; 13.063 ;
; B[0]       ; Prod[11]    ; 12.657 ; 12.657 ; 12.657 ; 12.657 ;
; B[0]       ; Prod[12]    ; 12.465 ; 12.465 ; 12.465 ; 12.465 ;
; B[0]       ; Prod[13]    ; 12.450 ; 12.450 ; 12.450 ; 12.450 ;
; B[0]       ; Prod[14]    ; 12.451 ; 12.451 ; 12.451 ; 12.451 ;
; B[0]       ; Prod[15]    ; 12.484 ; 12.484 ; 12.484 ; 12.484 ;
; B[1]       ; Prod[1]     ; 12.000 ; 12.000 ; 12.000 ; 12.000 ;
; B[1]       ; Prod[2]     ; 11.991 ; 11.991 ; 11.991 ; 11.991 ;
; B[1]       ; Prod[3]     ; 14.277 ; 14.277 ; 14.277 ; 14.277 ;
; B[1]       ; Prod[4]     ; 12.572 ; 12.572 ; 12.572 ; 12.572 ;
; B[1]       ; Prod[5]     ; 14.501 ; 14.501 ; 14.501 ; 14.501 ;
; B[1]       ; Prod[6]     ; 12.015 ; 12.015 ; 12.015 ; 12.015 ;
; B[1]       ; Prod[7]     ; 11.985 ; 11.985 ; 11.985 ; 11.985 ;
; B[1]       ; Prod[8]     ; 12.474 ; 12.474 ; 12.474 ; 12.474 ;
; B[1]       ; Prod[9]     ; 12.010 ; 12.010 ; 12.010 ; 12.010 ;
; B[1]       ; Prod[10]    ; 12.601 ; 12.601 ; 12.601 ; 12.601 ;
; B[1]       ; Prod[11]    ; 12.195 ; 12.195 ; 12.195 ; 12.195 ;
; B[1]       ; Prod[12]    ; 12.003 ; 12.003 ; 12.003 ; 12.003 ;
; B[1]       ; Prod[13]    ; 11.988 ; 11.988 ; 11.988 ; 11.988 ;
; B[1]       ; Prod[14]    ; 11.989 ; 11.989 ; 11.989 ; 11.989 ;
; B[1]       ; Prod[15]    ; 12.022 ; 12.022 ; 12.022 ; 12.022 ;
; B[2]       ; Prod[2]     ; 11.743 ; 11.743 ; 11.743 ; 11.743 ;
; B[2]       ; Prod[3]     ; 14.029 ; 14.029 ; 14.029 ; 14.029 ;
; B[2]       ; Prod[4]     ; 12.324 ; 12.324 ; 12.324 ; 12.324 ;
; B[2]       ; Prod[5]     ; 14.253 ; 14.253 ; 14.253 ; 14.253 ;
; B[2]       ; Prod[6]     ; 11.767 ; 11.767 ; 11.767 ; 11.767 ;
; B[2]       ; Prod[7]     ; 11.737 ; 11.737 ; 11.737 ; 11.737 ;
; B[2]       ; Prod[8]     ; 12.226 ; 12.226 ; 12.226 ; 12.226 ;
; B[2]       ; Prod[9]     ; 11.762 ; 11.762 ; 11.762 ; 11.762 ;
; B[2]       ; Prod[10]    ; 12.353 ; 12.353 ; 12.353 ; 12.353 ;
; B[2]       ; Prod[11]    ; 11.947 ; 11.947 ; 11.947 ; 11.947 ;
; B[2]       ; Prod[12]    ; 11.755 ; 11.755 ; 11.755 ; 11.755 ;
; B[2]       ; Prod[13]    ; 11.740 ; 11.740 ; 11.740 ; 11.740 ;
; B[2]       ; Prod[14]    ; 11.741 ; 11.741 ; 11.741 ; 11.741 ;
; B[2]       ; Prod[15]    ; 11.774 ; 11.774 ; 11.774 ; 11.774 ;
; B[3]       ; Prod[3]     ; 14.273 ; 14.273 ; 14.273 ; 14.273 ;
; B[3]       ; Prod[4]     ; 12.568 ; 12.568 ; 12.568 ; 12.568 ;
; B[3]       ; Prod[5]     ; 14.497 ; 14.497 ; 14.497 ; 14.497 ;
; B[3]       ; Prod[6]     ; 12.011 ; 12.011 ; 12.011 ; 12.011 ;
; B[3]       ; Prod[7]     ; 11.981 ; 11.981 ; 11.981 ; 11.981 ;
; B[3]       ; Prod[8]     ; 12.470 ; 12.470 ; 12.470 ; 12.470 ;
; B[3]       ; Prod[9]     ; 12.006 ; 12.006 ; 12.006 ; 12.006 ;
; B[3]       ; Prod[10]    ; 12.597 ; 12.597 ; 12.597 ; 12.597 ;
; B[3]       ; Prod[11]    ; 12.191 ; 12.191 ; 12.191 ; 12.191 ;
; B[3]       ; Prod[12]    ; 11.999 ; 11.999 ; 11.999 ; 11.999 ;
; B[3]       ; Prod[13]    ; 11.984 ; 11.984 ; 11.984 ; 11.984 ;
; B[3]       ; Prod[14]    ; 11.985 ; 11.985 ; 11.985 ; 11.985 ;
; B[3]       ; Prod[15]    ; 12.018 ; 12.018 ; 12.018 ; 12.018 ;
; B[4]       ; Prod[4]     ; 12.338 ; 12.338 ; 12.338 ; 12.338 ;
; B[4]       ; Prod[5]     ; 14.267 ; 14.267 ; 14.267 ; 14.267 ;
; B[4]       ; Prod[6]     ; 11.781 ; 11.781 ; 11.781 ; 11.781 ;
; B[4]       ; Prod[7]     ; 11.751 ; 11.751 ; 11.751 ; 11.751 ;
; B[4]       ; Prod[8]     ; 12.240 ; 12.240 ; 12.240 ; 12.240 ;
; B[4]       ; Prod[9]     ; 11.776 ; 11.776 ; 11.776 ; 11.776 ;
; B[4]       ; Prod[10]    ; 12.367 ; 12.367 ; 12.367 ; 12.367 ;
; B[4]       ; Prod[11]    ; 11.961 ; 11.961 ; 11.961 ; 11.961 ;
; B[4]       ; Prod[12]    ; 11.769 ; 11.769 ; 11.769 ; 11.769 ;
; B[4]       ; Prod[13]    ; 11.754 ; 11.754 ; 11.754 ; 11.754 ;
; B[4]       ; Prod[14]    ; 11.755 ; 11.755 ; 11.755 ; 11.755 ;
; B[4]       ; Prod[15]    ; 11.788 ; 11.788 ; 11.788 ; 11.788 ;
; B[5]       ; Prod[5]     ; 14.682 ; 14.682 ; 14.682 ; 14.682 ;
; B[5]       ; Prod[6]     ; 12.196 ; 12.196 ; 12.196 ; 12.196 ;
; B[5]       ; Prod[7]     ; 12.166 ; 12.166 ; 12.166 ; 12.166 ;
; B[5]       ; Prod[8]     ; 12.655 ; 12.655 ; 12.655 ; 12.655 ;
; B[5]       ; Prod[9]     ; 12.191 ; 12.191 ; 12.191 ; 12.191 ;
; B[5]       ; Prod[10]    ; 12.782 ; 12.782 ; 12.782 ; 12.782 ;
; B[5]       ; Prod[11]    ; 12.376 ; 12.376 ; 12.376 ; 12.376 ;
; B[5]       ; Prod[12]    ; 12.184 ; 12.184 ; 12.184 ; 12.184 ;
; B[5]       ; Prod[13]    ; 12.169 ; 12.169 ; 12.169 ; 12.169 ;
; B[5]       ; Prod[14]    ; 12.170 ; 12.170 ; 12.170 ; 12.170 ;
; B[5]       ; Prod[15]    ; 12.203 ; 12.203 ; 12.203 ; 12.203 ;
; B[6]       ; Prod[6]     ; 12.033 ; 12.033 ; 12.033 ; 12.033 ;
; B[6]       ; Prod[7]     ; 12.003 ; 12.003 ; 12.003 ; 12.003 ;
; B[6]       ; Prod[8]     ; 12.492 ; 12.492 ; 12.492 ; 12.492 ;
; B[6]       ; Prod[9]     ; 12.028 ; 12.028 ; 12.028 ; 12.028 ;
; B[6]       ; Prod[10]    ; 12.619 ; 12.619 ; 12.619 ; 12.619 ;
; B[6]       ; Prod[11]    ; 12.213 ; 12.213 ; 12.213 ; 12.213 ;
; B[6]       ; Prod[12]    ; 12.021 ; 12.021 ; 12.021 ; 12.021 ;
; B[6]       ; Prod[13]    ; 12.006 ; 12.006 ; 12.006 ; 12.006 ;
; B[6]       ; Prod[14]    ; 12.007 ; 12.007 ; 12.007 ; 12.007 ;
; B[6]       ; Prod[15]    ; 12.040 ; 12.040 ; 12.040 ; 12.040 ;
; B[7]       ; Prod[7]     ; 12.190 ; 12.190 ; 12.190 ; 12.190 ;
; B[7]       ; Prod[8]     ; 12.679 ; 12.679 ; 12.679 ; 12.679 ;
; B[7]       ; Prod[9]     ; 12.215 ; 12.215 ; 12.215 ; 12.215 ;
; B[7]       ; Prod[10]    ; 12.806 ; 12.806 ; 12.806 ; 12.806 ;
; B[7]       ; Prod[11]    ; 12.400 ; 12.400 ; 12.400 ; 12.400 ;
; B[7]       ; Prod[12]    ; 12.208 ; 12.208 ; 12.208 ; 12.208 ;
; B[7]       ; Prod[13]    ; 12.193 ; 12.193 ; 12.193 ; 12.193 ;
; B[7]       ; Prod[14]    ; 12.194 ; 12.194 ; 12.194 ; 12.194 ;
; B[7]       ; Prod[15]    ; 12.227 ; 12.227 ; 12.227 ; 12.227 ;
+------------+-------------+--------+--------+--------+--------+


+----------------------------------------------------------+
; Minimum Progagation Delay                                ;
+------------+-------------+-------+-------+-------+-------+
; Input Port ; Output Port ; RR    ; RF    ; FR    ; FF    ;
+------------+-------------+-------+-------+-------+-------+
; A[0]       ; Prod[0]     ; 3.579 ; 3.579 ; 3.579 ; 3.579 ;
; A[0]       ; Prod[1]     ; 3.473 ; 3.473 ; 3.473 ; 3.473 ;
; A[0]       ; Prod[2]     ; 3.462 ; 3.462 ; 3.462 ; 3.462 ;
; A[0]       ; Prod[3]     ; 4.565 ; 4.565 ; 4.565 ; 4.565 ;
; A[0]       ; Prod[4]     ; 3.763 ; 3.763 ; 3.763 ; 3.763 ;
; A[0]       ; Prod[5]     ; 4.675 ; 4.675 ; 4.675 ; 4.675 ;
; A[0]       ; Prod[6]     ; 3.483 ; 3.483 ; 3.483 ; 3.483 ;
; A[0]       ; Prod[7]     ; 3.457 ; 3.457 ; 3.457 ; 3.457 ;
; A[0]       ; Prod[8]     ; 3.718 ; 3.718 ; 3.718 ; 3.718 ;
; A[0]       ; Prod[9]     ; 3.481 ; 3.481 ; 3.481 ; 3.481 ;
; A[0]       ; Prod[10]    ; 3.768 ; 3.768 ; 3.768 ; 3.768 ;
; A[0]       ; Prod[11]    ; 3.542 ; 3.542 ; 3.542 ; 3.542 ;
; A[0]       ; Prod[12]    ; 3.470 ; 3.470 ; 3.470 ; 3.470 ;
; A[0]       ; Prod[13]    ; 3.459 ; 3.459 ; 3.459 ; 3.459 ;
; A[0]       ; Prod[14]    ; 3.459 ; 3.459 ; 3.459 ; 3.459 ;
; A[0]       ; Prod[15]    ; 3.491 ; 3.491 ; 3.491 ; 3.491 ;
; A[1]       ; Prod[1]     ; 3.465 ; 3.465 ; 3.465 ; 3.465 ;
; A[1]       ; Prod[2]     ; 3.454 ; 3.454 ; 3.454 ; 3.454 ;
; A[1]       ; Prod[3]     ; 4.557 ; 4.557 ; 4.557 ; 4.557 ;
; A[1]       ; Prod[4]     ; 3.755 ; 3.755 ; 3.755 ; 3.755 ;
; A[1]       ; Prod[5]     ; 4.667 ; 4.667 ; 4.667 ; 4.667 ;
; A[1]       ; Prod[6]     ; 3.475 ; 3.475 ; 3.475 ; 3.475 ;
; A[1]       ; Prod[7]     ; 3.449 ; 3.449 ; 3.449 ; 3.449 ;
; A[1]       ; Prod[8]     ; 3.710 ; 3.710 ; 3.710 ; 3.710 ;
; A[1]       ; Prod[9]     ; 3.473 ; 3.473 ; 3.473 ; 3.473 ;
; A[1]       ; Prod[10]    ; 3.760 ; 3.760 ; 3.760 ; 3.760 ;
; A[1]       ; Prod[11]    ; 3.534 ; 3.534 ; 3.534 ; 3.534 ;
; A[1]       ; Prod[12]    ; 3.462 ; 3.462 ; 3.462 ; 3.462 ;
; A[1]       ; Prod[13]    ; 3.451 ; 3.451 ; 3.451 ; 3.451 ;
; A[1]       ; Prod[14]    ; 3.451 ; 3.451 ; 3.451 ; 3.451 ;
; A[1]       ; Prod[15]    ; 3.483 ; 3.483 ; 3.483 ; 3.483 ;
; A[2]       ; Prod[2]     ; 6.027 ; 6.027 ; 6.027 ; 6.027 ;
; A[2]       ; Prod[3]     ; 7.130 ; 7.130 ; 7.130 ; 7.130 ;
; A[2]       ; Prod[4]     ; 6.328 ; 6.328 ; 6.328 ; 6.328 ;
; A[2]       ; Prod[5]     ; 7.240 ; 7.240 ; 7.240 ; 7.240 ;
; A[2]       ; Prod[6]     ; 6.048 ; 6.048 ; 6.048 ; 6.048 ;
; A[2]       ; Prod[7]     ; 6.022 ; 6.022 ; 6.022 ; 6.022 ;
; A[2]       ; Prod[8]     ; 6.283 ; 6.283 ; 6.283 ; 6.283 ;
; A[2]       ; Prod[9]     ; 6.046 ; 6.046 ; 6.046 ; 6.046 ;
; A[2]       ; Prod[10]    ; 6.333 ; 6.333 ; 6.333 ; 6.333 ;
; A[2]       ; Prod[11]    ; 6.107 ; 6.107 ; 6.107 ; 6.107 ;
; A[2]       ; Prod[12]    ; 6.035 ; 6.035 ; 6.035 ; 6.035 ;
; A[2]       ; Prod[13]    ; 6.024 ; 6.024 ; 6.024 ; 6.024 ;
; A[2]       ; Prod[14]    ; 6.024 ; 6.024 ; 6.024 ; 6.024 ;
; A[2]       ; Prod[15]    ; 6.056 ; 6.056 ; 6.056 ; 6.056 ;
; A[3]       ; Prod[3]     ; 7.015 ; 7.015 ; 7.015 ; 7.015 ;
; A[3]       ; Prod[4]     ; 6.213 ; 6.213 ; 6.213 ; 6.213 ;
; A[3]       ; Prod[5]     ; 7.125 ; 7.125 ; 7.125 ; 7.125 ;
; A[3]       ; Prod[6]     ; 5.933 ; 5.933 ; 5.933 ; 5.933 ;
; A[3]       ; Prod[7]     ; 5.907 ; 5.907 ; 5.907 ; 5.907 ;
; A[3]       ; Prod[8]     ; 6.168 ; 6.168 ; 6.168 ; 6.168 ;
; A[3]       ; Prod[9]     ; 5.931 ; 5.931 ; 5.931 ; 5.931 ;
; A[3]       ; Prod[10]    ; 6.218 ; 6.218 ; 6.218 ; 6.218 ;
; A[3]       ; Prod[11]    ; 5.992 ; 5.992 ; 5.992 ; 5.992 ;
; A[3]       ; Prod[12]    ; 5.920 ; 5.920 ; 5.920 ; 5.920 ;
; A[3]       ; Prod[13]    ; 5.909 ; 5.909 ; 5.909 ; 5.909 ;
; A[3]       ; Prod[14]    ; 5.909 ; 5.909 ; 5.909 ; 5.909 ;
; A[3]       ; Prod[15]    ; 5.941 ; 5.941 ; 5.941 ; 5.941 ;
; A[4]       ; Prod[4]     ; 6.123 ; 6.123 ; 6.123 ; 6.123 ;
; A[4]       ; Prod[5]     ; 7.035 ; 7.035 ; 7.035 ; 7.035 ;
; A[4]       ; Prod[6]     ; 5.843 ; 5.843 ; 5.843 ; 5.843 ;
; A[4]       ; Prod[7]     ; 5.817 ; 5.817 ; 5.817 ; 5.817 ;
; A[4]       ; Prod[8]     ; 6.078 ; 6.078 ; 6.078 ; 6.078 ;
; A[4]       ; Prod[9]     ; 5.841 ; 5.841 ; 5.841 ; 5.841 ;
; A[4]       ; Prod[10]    ; 6.128 ; 6.128 ; 6.128 ; 6.128 ;
; A[4]       ; Prod[11]    ; 5.902 ; 5.902 ; 5.902 ; 5.902 ;
; A[4]       ; Prod[12]    ; 5.830 ; 5.830 ; 5.830 ; 5.830 ;
; A[4]       ; Prod[13]    ; 5.819 ; 5.819 ; 5.819 ; 5.819 ;
; A[4]       ; Prod[14]    ; 5.819 ; 5.819 ; 5.819 ; 5.819 ;
; A[4]       ; Prod[15]    ; 5.851 ; 5.851 ; 5.851 ; 5.851 ;
; A[5]       ; Prod[5]     ; 7.112 ; 7.112 ; 7.112 ; 7.112 ;
; A[5]       ; Prod[6]     ; 5.920 ; 5.920 ; 5.920 ; 5.920 ;
; A[5]       ; Prod[7]     ; 5.894 ; 5.894 ; 5.894 ; 5.894 ;
; A[5]       ; Prod[8]     ; 6.155 ; 6.155 ; 6.155 ; 6.155 ;
; A[5]       ; Prod[9]     ; 5.918 ; 5.918 ; 5.918 ; 5.918 ;
; A[5]       ; Prod[10]    ; 6.205 ; 6.205 ; 6.205 ; 6.205 ;
; A[5]       ; Prod[11]    ; 5.979 ; 5.979 ; 5.979 ; 5.979 ;
; A[5]       ; Prod[12]    ; 5.907 ; 5.907 ; 5.907 ; 5.907 ;
; A[5]       ; Prod[13]    ; 5.896 ; 5.896 ; 5.896 ; 5.896 ;
; A[5]       ; Prod[14]    ; 5.896 ; 5.896 ; 5.896 ; 5.896 ;
; A[5]       ; Prod[15]    ; 5.928 ; 5.928 ; 5.928 ; 5.928 ;
; A[6]       ; Prod[6]     ; 6.054 ; 6.054 ; 6.054 ; 6.054 ;
; A[6]       ; Prod[7]     ; 6.028 ; 6.028 ; 6.028 ; 6.028 ;
; A[6]       ; Prod[8]     ; 6.289 ; 6.289 ; 6.289 ; 6.289 ;
; A[6]       ; Prod[9]     ; 6.052 ; 6.052 ; 6.052 ; 6.052 ;
; A[6]       ; Prod[10]    ; 6.339 ; 6.339 ; 6.339 ; 6.339 ;
; A[6]       ; Prod[11]    ; 6.113 ; 6.113 ; 6.113 ; 6.113 ;
; A[6]       ; Prod[12]    ; 6.041 ; 6.041 ; 6.041 ; 6.041 ;
; A[6]       ; Prod[13]    ; 6.030 ; 6.030 ; 6.030 ; 6.030 ;
; A[6]       ; Prod[14]    ; 6.030 ; 6.030 ; 6.030 ; 6.030 ;
; A[6]       ; Prod[15]    ; 6.062 ; 6.062 ; 6.062 ; 6.062 ;
; A[7]       ; Prod[7]     ; 5.835 ; 5.835 ; 5.835 ; 5.835 ;
; A[7]       ; Prod[8]     ; 6.096 ; 6.096 ; 6.096 ; 6.096 ;
; A[7]       ; Prod[9]     ; 5.859 ; 5.859 ; 5.859 ; 5.859 ;
; A[7]       ; Prod[10]    ; 6.146 ; 6.146 ; 6.146 ; 6.146 ;
; A[7]       ; Prod[11]    ; 5.920 ; 5.920 ; 5.920 ; 5.920 ;
; A[7]       ; Prod[12]    ; 5.848 ; 5.848 ; 5.848 ; 5.848 ;
; A[7]       ; Prod[13]    ; 5.837 ; 5.837 ; 5.837 ; 5.837 ;
; A[7]       ; Prod[14]    ; 5.837 ; 5.837 ; 5.837 ; 5.837 ;
; A[7]       ; Prod[15]    ; 5.869 ; 5.869 ; 5.869 ; 5.869 ;
; B[0]       ; Prod[0]     ; 6.035 ; 6.035 ; 6.035 ; 6.035 ;
; B[0]       ; Prod[1]     ; 5.929 ; 5.929 ; 5.929 ; 5.929 ;
; B[0]       ; Prod[2]     ; 5.918 ; 5.918 ; 5.918 ; 5.918 ;
; B[0]       ; Prod[3]     ; 7.021 ; 7.021 ; 7.021 ; 7.021 ;
; B[0]       ; Prod[4]     ; 6.219 ; 6.219 ; 6.219 ; 6.219 ;
; B[0]       ; Prod[5]     ; 7.131 ; 7.131 ; 7.131 ; 7.131 ;
; B[0]       ; Prod[6]     ; 5.939 ; 5.939 ; 5.939 ; 5.939 ;
; B[0]       ; Prod[7]     ; 5.913 ; 5.913 ; 5.913 ; 5.913 ;
; B[0]       ; Prod[8]     ; 6.174 ; 6.174 ; 6.174 ; 6.174 ;
; B[0]       ; Prod[9]     ; 5.937 ; 5.937 ; 5.937 ; 5.937 ;
; B[0]       ; Prod[10]    ; 6.224 ; 6.224 ; 6.224 ; 6.224 ;
; B[0]       ; Prod[11]    ; 5.998 ; 5.998 ; 5.998 ; 5.998 ;
; B[0]       ; Prod[12]    ; 5.926 ; 5.926 ; 5.926 ; 5.926 ;
; B[0]       ; Prod[13]    ; 5.915 ; 5.915 ; 5.915 ; 5.915 ;
; B[0]       ; Prod[14]    ; 5.915 ; 5.915 ; 5.915 ; 5.915 ;
; B[0]       ; Prod[15]    ; 5.947 ; 5.947 ; 5.947 ; 5.947 ;
; B[1]       ; Prod[1]     ; 5.723 ; 5.723 ; 5.723 ; 5.723 ;
; B[1]       ; Prod[2]     ; 5.712 ; 5.712 ; 5.712 ; 5.712 ;
; B[1]       ; Prod[3]     ; 6.815 ; 6.815 ; 6.815 ; 6.815 ;
; B[1]       ; Prod[4]     ; 6.013 ; 6.013 ; 6.013 ; 6.013 ;
; B[1]       ; Prod[5]     ; 6.925 ; 6.925 ; 6.925 ; 6.925 ;
; B[1]       ; Prod[6]     ; 5.733 ; 5.733 ; 5.733 ; 5.733 ;
; B[1]       ; Prod[7]     ; 5.707 ; 5.707 ; 5.707 ; 5.707 ;
; B[1]       ; Prod[8]     ; 5.968 ; 5.968 ; 5.968 ; 5.968 ;
; B[1]       ; Prod[9]     ; 5.731 ; 5.731 ; 5.731 ; 5.731 ;
; B[1]       ; Prod[10]    ; 6.018 ; 6.018 ; 6.018 ; 6.018 ;
; B[1]       ; Prod[11]    ; 5.792 ; 5.792 ; 5.792 ; 5.792 ;
; B[1]       ; Prod[12]    ; 5.720 ; 5.720 ; 5.720 ; 5.720 ;
; B[1]       ; Prod[13]    ; 5.709 ; 5.709 ; 5.709 ; 5.709 ;
; B[1]       ; Prod[14]    ; 5.709 ; 5.709 ; 5.709 ; 5.709 ;
; B[1]       ; Prod[15]    ; 5.741 ; 5.741 ; 5.741 ; 5.741 ;
; B[2]       ; Prod[2]     ; 5.587 ; 5.587 ; 5.587 ; 5.587 ;
; B[2]       ; Prod[3]     ; 6.690 ; 6.690 ; 6.690 ; 6.690 ;
; B[2]       ; Prod[4]     ; 5.888 ; 5.888 ; 5.888 ; 5.888 ;
; B[2]       ; Prod[5]     ; 6.800 ; 6.800 ; 6.800 ; 6.800 ;
; B[2]       ; Prod[6]     ; 5.608 ; 5.608 ; 5.608 ; 5.608 ;
; B[2]       ; Prod[7]     ; 5.582 ; 5.582 ; 5.582 ; 5.582 ;
; B[2]       ; Prod[8]     ; 5.843 ; 5.843 ; 5.843 ; 5.843 ;
; B[2]       ; Prod[9]     ; 5.606 ; 5.606 ; 5.606 ; 5.606 ;
; B[2]       ; Prod[10]    ; 5.893 ; 5.893 ; 5.893 ; 5.893 ;
; B[2]       ; Prod[11]    ; 5.667 ; 5.667 ; 5.667 ; 5.667 ;
; B[2]       ; Prod[12]    ; 5.595 ; 5.595 ; 5.595 ; 5.595 ;
; B[2]       ; Prod[13]    ; 5.584 ; 5.584 ; 5.584 ; 5.584 ;
; B[2]       ; Prod[14]    ; 5.584 ; 5.584 ; 5.584 ; 5.584 ;
; B[2]       ; Prod[15]    ; 5.616 ; 5.616 ; 5.616 ; 5.616 ;
; B[3]       ; Prod[3]     ; 6.811 ; 6.811 ; 6.811 ; 6.811 ;
; B[3]       ; Prod[4]     ; 6.009 ; 6.009 ; 6.009 ; 6.009 ;
; B[3]       ; Prod[5]     ; 6.921 ; 6.921 ; 6.921 ; 6.921 ;
; B[3]       ; Prod[6]     ; 5.729 ; 5.729 ; 5.729 ; 5.729 ;
; B[3]       ; Prod[7]     ; 5.703 ; 5.703 ; 5.703 ; 5.703 ;
; B[3]       ; Prod[8]     ; 5.964 ; 5.964 ; 5.964 ; 5.964 ;
; B[3]       ; Prod[9]     ; 5.727 ; 5.727 ; 5.727 ; 5.727 ;
; B[3]       ; Prod[10]    ; 6.014 ; 6.014 ; 6.014 ; 6.014 ;
; B[3]       ; Prod[11]    ; 5.788 ; 5.788 ; 5.788 ; 5.788 ;
; B[3]       ; Prod[12]    ; 5.716 ; 5.716 ; 5.716 ; 5.716 ;
; B[3]       ; Prod[13]    ; 5.705 ; 5.705 ; 5.705 ; 5.705 ;
; B[3]       ; Prod[14]    ; 5.705 ; 5.705 ; 5.705 ; 5.705 ;
; B[3]       ; Prod[15]    ; 5.737 ; 5.737 ; 5.737 ; 5.737 ;
; B[4]       ; Prod[4]     ; 5.900 ; 5.900 ; 5.900 ; 5.900 ;
; B[4]       ; Prod[5]     ; 6.812 ; 6.812 ; 6.812 ; 6.812 ;
; B[4]       ; Prod[6]     ; 5.620 ; 5.620 ; 5.620 ; 5.620 ;
; B[4]       ; Prod[7]     ; 5.594 ; 5.594 ; 5.594 ; 5.594 ;
; B[4]       ; Prod[8]     ; 5.855 ; 5.855 ; 5.855 ; 5.855 ;
; B[4]       ; Prod[9]     ; 5.618 ; 5.618 ; 5.618 ; 5.618 ;
; B[4]       ; Prod[10]    ; 5.905 ; 5.905 ; 5.905 ; 5.905 ;
; B[4]       ; Prod[11]    ; 5.679 ; 5.679 ; 5.679 ; 5.679 ;
; B[4]       ; Prod[12]    ; 5.607 ; 5.607 ; 5.607 ; 5.607 ;
; B[4]       ; Prod[13]    ; 5.596 ; 5.596 ; 5.596 ; 5.596 ;
; B[4]       ; Prod[14]    ; 5.596 ; 5.596 ; 5.596 ; 5.596 ;
; B[4]       ; Prod[15]    ; 5.628 ; 5.628 ; 5.628 ; 5.628 ;
; B[5]       ; Prod[5]     ; 6.981 ; 6.981 ; 6.981 ; 6.981 ;
; B[5]       ; Prod[6]     ; 5.789 ; 5.789 ; 5.789 ; 5.789 ;
; B[5]       ; Prod[7]     ; 5.763 ; 5.763 ; 5.763 ; 5.763 ;
; B[5]       ; Prod[8]     ; 6.024 ; 6.024 ; 6.024 ; 6.024 ;
; B[5]       ; Prod[9]     ; 5.787 ; 5.787 ; 5.787 ; 5.787 ;
; B[5]       ; Prod[10]    ; 6.074 ; 6.074 ; 6.074 ; 6.074 ;
; B[5]       ; Prod[11]    ; 5.848 ; 5.848 ; 5.848 ; 5.848 ;
; B[5]       ; Prod[12]    ; 5.776 ; 5.776 ; 5.776 ; 5.776 ;
; B[5]       ; Prod[13]    ; 5.765 ; 5.765 ; 5.765 ; 5.765 ;
; B[5]       ; Prod[14]    ; 5.765 ; 5.765 ; 5.765 ; 5.765 ;
; B[5]       ; Prod[15]    ; 5.797 ; 5.797 ; 5.797 ; 5.797 ;
; B[6]       ; Prod[6]     ; 5.742 ; 5.742 ; 5.742 ; 5.742 ;
; B[6]       ; Prod[7]     ; 5.716 ; 5.716 ; 5.716 ; 5.716 ;
; B[6]       ; Prod[8]     ; 5.977 ; 5.977 ; 5.977 ; 5.977 ;
; B[6]       ; Prod[9]     ; 5.740 ; 5.740 ; 5.740 ; 5.740 ;
; B[6]       ; Prod[10]    ; 6.027 ; 6.027 ; 6.027 ; 6.027 ;
; B[6]       ; Prod[11]    ; 5.801 ; 5.801 ; 5.801 ; 5.801 ;
; B[6]       ; Prod[12]    ; 5.729 ; 5.729 ; 5.729 ; 5.729 ;
; B[6]       ; Prod[13]    ; 5.718 ; 5.718 ; 5.718 ; 5.718 ;
; B[6]       ; Prod[14]    ; 5.718 ; 5.718 ; 5.718 ; 5.718 ;
; B[6]       ; Prod[15]    ; 5.750 ; 5.750 ; 5.750 ; 5.750 ;
; B[7]       ; Prod[7]     ; 5.785 ; 5.785 ; 5.785 ; 5.785 ;
; B[7]       ; Prod[8]     ; 6.046 ; 6.046 ; 6.046 ; 6.046 ;
; B[7]       ; Prod[9]     ; 5.809 ; 5.809 ; 5.809 ; 5.809 ;
; B[7]       ; Prod[10]    ; 6.096 ; 6.096 ; 6.096 ; 6.096 ;
; B[7]       ; Prod[11]    ; 5.870 ; 5.870 ; 5.870 ; 5.870 ;
; B[7]       ; Prod[12]    ; 5.798 ; 5.798 ; 5.798 ; 5.798 ;
; B[7]       ; Prod[13]    ; 5.787 ; 5.787 ; 5.787 ; 5.787 ;
; B[7]       ; Prod[14]    ; 5.787 ; 5.787 ; 5.787 ; 5.787 ;
; B[7]       ; Prod[15]    ; 5.819 ; 5.819 ; 5.819 ; 5.819 ;
+------------+-------------+-------+-------+-------+-------+


-------------------
; Clock Transfers ;
-------------------
Nothing to report.


---------------
; Report TCCS ;
---------------
No dedicated SERDES Transmitter circuitry present in device or used in design


---------------
; Report RSKM ;
---------------
No dedicated SERDES Receiver circuitry present in device or used in design


+------------------------------------------------+
; Unconstrained Paths                            ;
+---------------------------------+-------+------+
; Property                        ; Setup ; Hold ;
+---------------------------------+-------+------+
; Illegal Clocks                  ; 0     ; 0    ;
; Unconstrained Clocks            ; 0     ; 0    ;
; Unconstrained Input Ports       ; 16    ; 16   ;
; Unconstrained Input Port Paths  ; 200   ; 200  ;
; Unconstrained Output Ports      ; 16    ; 16   ;
; Unconstrained Output Port Paths ; 200   ; 200  ;
+---------------------------------+-------+------+


+------------------------------------+
; TimeQuest Timing Analyzer Messages ;
+------------------------------------+
Info: *******************************************************************
Info: Running Quartus II 64-Bit TimeQuest Timing Analyzer
    Info: Version 13.0.1 Build 232 06/12/2013 Service Pack 1 SJ Web Edition
    Info: Processing started: Thu Mar 17 11:28:16 2022
Info: Command: quartus_sta exercise3 -c exercise3
Info: qsta_default_script.tcl version: #1
Warning (20028): Parallel compilation is not licensed and has been disabled
Info (21077): Low junction temperature is 0 degrees C
Info (21077): High junction temperature is 85 degrees C
Critical Warning (332012): Synopsys Design Constraints File file not found: 'exercise3.sdc'. A Synopsys Design Constraints File is required by the TimeQuest Timing Analyzer to get proper timing constraints. Without it, the Compiler will not properly optimize the design.
Info (332142): No user constrained base clocks found in the design. Calling "derive_clocks -period 1.0"
Info (332096): The command derive_clocks did not find any clocks to derive.  No clocks were created or changed.
Warning (332068): No clocks defined in design.
Info: Found TIMEQUEST_REPORT_SCRIPT_INCLUDE_DEFAULT_ANALYSIS = ON
Info (332159): No clocks to report
Info: Analyzing Slow Model
Info (332140): No fmax paths to report
Info (332140): No Setup paths to report
Info (332140): No Hold paths to report
Info (332140): No Recovery paths to report
Info (332140): No Removal paths to report
Info (332140): No Minimum Pulse Width paths to report
Info (332001): The selected device family is not supported by the report_metastability command.
Info: Analyzing Fast Model
Info (332142): No user constrained base clocks found in the design. Calling "derive_clocks -period 1.0"
Info (332096): The command derive_clocks did not find any clocks to derive.  No clocks were created or changed.
Warning (332068): No clocks defined in design.
Info (332140): No Setup paths to report
Info (332140): No Hold paths to report
Info (332140): No Recovery paths to report
Info (332140): No Removal paths to report
Info (332140): No Minimum Pulse Width paths to report
Info (332001): The selected device family is not supported by the report_metastability command.
Info (332102): Design is not fully constrained for setup requirements
Info (332102): Design is not fully constrained for hold requirements
Info: Quartus II 64-Bit TimeQuest Timing Analyzer was successful. 0 errors, 4 warnings
    Info: Peak virtual memory: 4539 megabytes
    Info: Processing ended: Thu Mar 17 11:28:17 2022
    Info: Elapsed time: 00:00:01
    Info: Total CPU time (on all processors): 00:00:01


