Flow report for Exercise_5_6
<<<<<<< Updated upstream
Tue Mar 29 12:18:52 2022
=======
Tue Mar 29 11:48:21 2022
>>>>>>> Stashed changes
Quartus II 64-Bit Version 13.0.1 Build 232 06/12/2013 Service Pack 1 SJ Web Edition


---------------------
; Table of Contents ;
---------------------
  1. Legal Notice
  2. Flow Summary
  3. Flow Settings
  4. Flow Non-Default Global Settings
  5. Flow Elapsed Time
  6. Flow OS Summary
  7. Flow Log
  8. Flow Messages
  9. Flow Suppressed Messages



----------------
; Legal Notice ;
----------------
Copyright (C) 1991-2013 Altera Corporation
Your use of Altera Corporation's design tools, logic functions 
and other software and tools, and its AMPP partner logic 
functions, and any output files from any of the foregoing 
(including device programming or simulation files), and any 
associated documentation or information are expressly subject 
to the terms and conditions of the Altera Program License 
Subscription Agreement, Altera MegaCore Function License 
Agreement, or other applicable license agreement, including, 
without limitation, that your use is for the sole purpose of 
programming logic devices manufactured by Altera and sold by 
Altera or its authorized distributors.  Please refer to the 
applicable agreement for further details.



+--------------------------------------------------------------------------------------+
; Flow Summary                                                                         ;
+------------------------------------+-------------------------------------------------+
<<<<<<< Updated upstream
; Flow Status                        ; Successful - Tue Mar 29 12:18:51 2022           ;
; Quartus II 64-Bit Version          ; 13.0.1 Build 232 06/12/2013 SP 1 SJ Web Edition ;
; Revision Name                      ; Exercise_5_6                                    ;
; Top-level Entity Name              ; guess_game_tester                               ;
; Family                             ; Cyclone II                                      ;
; Device                             ; EP2C35F672C6                                    ;
; Timing Models                      ; Final                                           ;
; Total logic elements               ; 71 / 33,216 ( < 1 % )                           ;
;     Total combinational functions  ; 71 / 33,216 ( < 1 % )                           ;
;     Dedicated logic registers      ; 0 / 33,216 ( 0 % )                              ;
; Total registers                    ; 0                                               ;
; Total pins                         ; 25 / 475 ( 5 % )                                ;
=======
; Flow Status                        ; Successful - Tue Mar 29 11:48:21 2022           ;
; Quartus II 64-Bit Version          ; 13.0.1 Build 232 06/12/2013 SP 1 SJ Web Edition ;
; Revision Name                      ; Exercise_5_6                                    ;
; Top-level Entity Name              ; One_digit_clock_tester                          ;
; Family                             ; Cyclone II                                      ;
; Device                             ; EP2C35F672C6                                    ;
; Timing Models                      ; Final                                           ;
; Total logic elements               ; 163 / 33,216 ( < 1 % )                          ;
;     Total combinational functions  ; 163 / 33,216 ( < 1 % )                          ;
;     Dedicated logic registers      ; 66 / 33,216 ( < 1 % )                           ;
; Total registers                    ; 66                                              ;
; Total pins                         ; 16 / 475 ( 3 % )                                ;
>>>>>>> Stashed changes
; Total virtual pins                 ; 0                                               ;
; Total memory bits                  ; 0 / 483,840 ( 0 % )                             ;
; Embedded Multiplier 9-bit elements ; 0 / 70 ( 0 % )                                  ;
; Total PLLs                         ; 0 / 4 ( 0 % )                                   ;
+------------------------------------+-------------------------------------------------+


+-----------------------------------------+
; Flow Settings                           ;
+-------------------+---------------------+
; Option            ; Setting             ;
+-------------------+---------------------+
<<<<<<< Updated upstream
; Start date & time ; 03/29/2022 12:18:40 ;
=======
; Start date & time ; 03/29/2022 11:48:01 ;
>>>>>>> Stashed changes
; Main task         ; Compilation         ;
; Revision Name     ; Exercise_5_6        ;
+-------------------+---------------------+


<<<<<<< Updated upstream
+------------------------------------------------------------------------------------------------------------------------------+
; Flow Non-Default Global Settings                                                                                             ;
+-------------------------------------+---------------------------------------+---------------+-------------------+------------+
; Assignment Name                     ; Value                                 ; Default Value ; Entity Name       ; Section Id ;
+-------------------------------------+---------------------------------------+---------------+-------------------+------------+
; COMPILER_SIGNATURE_ID               ; 198375891656333.164854912020688       ; --            ; --                ; --         ;
; MAX_CORE_JUNCTION_TEMP              ; 85                                    ; --            ; --                ; --         ;
; MIN_CORE_JUNCTION_TEMP              ; 0                                     ; --            ; --                ; --         ;
; PARTITION_COLOR                     ; 16764057                              ; --            ; guess_game_tester ; Top        ;
; PARTITION_FITTER_PRESERVATION_LEVEL ; PLACEMENT_AND_ROUTING                 ; --            ; guess_game_tester ; Top        ;
; PARTITION_NETLIST_TYPE              ; SOURCE                                ; --            ; guess_game_tester ; Top        ;
; POWER_BOARD_THERMAL_MODEL           ; None (CONSERVATIVE)                   ; --            ; --                ; --         ;
; POWER_PRESET_COOLING_SOLUTION       ; 23 MM HEAT SINK WITH 200 LFPM AIRFLOW ; --            ; --                ; --         ;
; PROJECT_OUTPUT_DIRECTORY            ; output_files                          ; --            ; --                ; --         ;
; TOP_LEVEL_ENTITY                    ; guess_game_tester                     ; Exercise_5_6  ; --                ; --         ;
+-------------------------------------+---------------------------------------+---------------+-------------------+------------+
=======
+--------------------------------------------------------------------------------------------------------------------------------+
; Flow Non-Default Global Settings                                                                                               ;
+-------------------------------------+--------------------------------+---------------+------------------------+----------------+
; Assignment Name                     ; Value                          ; Default Value ; Entity Name            ; Section Id     ;
+-------------------------------------+--------------------------------+---------------+------------------------+----------------+
; COMPILER_SIGNATURE_ID               ; 93328261956461.164854728100124 ; --            ; --                     ; --             ;
; EDA_GENERATE_FUNCTIONAL_NETLIST     ; On                             ; --            ; --                     ; eda_simulation ;
; EDA_OUTPUT_DATA_FORMAT              ; Verilog Hdl                    ; --            ; --                     ; eda_simulation ;
; EDA_SIMULATION_TOOL                 ; ModelSim-Altera (Verilog)      ; <None>        ; --                     ; --             ;
; MAX_CORE_JUNCTION_TEMP              ; 85                             ; --            ; --                     ; --             ;
; MIN_CORE_JUNCTION_TEMP              ; 0                              ; --            ; --                     ; --             ;
; PARTITION_COLOR                     ; 16764057                       ; --            ; One_digit_clock_tester ; Top            ;
; PARTITION_FITTER_PRESERVATION_LEVEL ; PLACEMENT_AND_ROUTING          ; --            ; One_digit_clock_tester ; Top            ;
; PARTITION_NETLIST_TYPE              ; SOURCE                         ; --            ; One_digit_clock_tester ; Top            ;
; PROJECT_OUTPUT_DIRECTORY            ; output_files                   ; --            ; --                     ; --             ;
; TOP_LEVEL_ENTITY                    ; One_digit_clock_tester         ; Exercise_5_6  ; --                     ; --             ;
+-------------------------------------+--------------------------------+---------------+------------------------+----------------+
>>>>>>> Stashed changes


+-------------------------------------------------------------------------------------------------------------------------------+
; Flow Elapsed Time                                                                                                             ;
+---------------------------+--------------+-------------------------+---------------------+------------------------------------+
; Module Name               ; Elapsed Time ; Average Processors Used ; Peak Virtual Memory ; Total CPU Time (on all processors) ;
+---------------------------+--------------+-------------------------+---------------------+------------------------------------+
<<<<<<< Updated upstream
; Analysis & Synthesis      ; 00:00:01     ; 1.0                     ; 4650 MB             ; 00:00:02                           ;
; Fitter                    ; 00:00:06     ; 1.0                     ; 4881 MB             ; 00:00:05                           ;
; Assembler                 ; 00:00:02     ; 1.0                     ; 4562 MB             ; 00:00:02                           ;
; TimeQuest Timing Analyzer ; 00:00:00     ; 1.0                     ; 4543 MB             ; 00:00:01                           ;
; Total                     ; 00:00:09     ; --                      ; --                  ; 00:00:10                           ;
=======
; Analysis & Synthesis      ; 00:00:02     ; 1.0                     ; 4646 MB             ; 00:00:02                           ;
; Fitter                    ; 00:00:08     ; 1.0                     ; 4879 MB             ; 00:00:09                           ;
; Assembler                 ; 00:00:02     ; 1.0                     ; 4559 MB             ; 00:00:03                           ;
; TimeQuest Timing Analyzer ; 00:00:02     ; 1.0                     ; 4550 MB             ; 00:00:01                           ;
; EDA Netlist Writer        ; 00:00:00     ; 1.0                     ; 4507 MB             ; 00:00:01                           ;
; Total                     ; 00:00:14     ; --                      ; --                  ; 00:00:16                           ;
>>>>>>> Stashed changes
+---------------------------+--------------+-------------------------+---------------------+------------------------------------+


+----------------------------------------------------------------------------------------+
; Flow OS Summary                                                                        ;
+---------------------------+------------------+-----------+------------+----------------+
; Module Name               ; Machine Hostname ; OS Name   ; OS Version ; Processor type ;
+---------------------------+------------------+-----------+------------+----------------+
<<<<<<< Updated upstream
; Analysis & Synthesis      ; LAPTOP-F8IL08MC  ; Windows 7 ; 6.2        ; x86_64         ;
; Fitter                    ; LAPTOP-F8IL08MC  ; Windows 7 ; 6.2        ; x86_64         ;
; Assembler                 ; LAPTOP-F8IL08MC  ; Windows 7 ; 6.2        ; x86_64         ;
; TimeQuest Timing Analyzer ; LAPTOP-F8IL08MC  ; Windows 7 ; 6.2        ; x86_64         ;
=======
; Analysis & Synthesis      ; DESKTOP-15FA6CU  ; Windows 7 ; 6.2        ; x86_64         ;
; Fitter                    ; DESKTOP-15FA6CU  ; Windows 7 ; 6.2        ; x86_64         ;
; Assembler                 ; DESKTOP-15FA6CU  ; Windows 7 ; 6.2        ; x86_64         ;
; TimeQuest Timing Analyzer ; DESKTOP-15FA6CU  ; Windows 7 ; 6.2        ; x86_64         ;
; EDA Netlist Writer        ; DESKTOP-15FA6CU  ; Windows 7 ; 6.2        ; x86_64         ;
>>>>>>> Stashed changes
+---------------------------+------------------+-----------+------------+----------------+


------------
; Flow Log ;
------------
quartus_map --read_settings_files=on --write_settings_files=off Exercise_5_6 -c Exercise_5_6
quartus_fit --read_settings_files=off --write_settings_files=off Exercise_5_6 -c Exercise_5_6
quartus_asm --read_settings_files=off --write_settings_files=off Exercise_5_6 -c Exercise_5_6
quartus_sta Exercise_5_6 -c Exercise_5_6
<<<<<<< Updated upstream
=======
quartus_eda --read_settings_files=off --write_settings_files=off Exercise_5_6 -c Exercise_5_6
>>>>>>> Stashed changes



