Analysis & Synthesis report for Exercise_5_6
<<<<<<< Updated upstream
Tue Mar 29 12:18:42 2022
=======
Tue Mar 29 11:48:04 2022
>>>>>>> Stashed changes
Quartus II 64-Bit Version 13.0.1 Build 232 06/12/2013 Service Pack 1 SJ Web Edition


---------------------
; Table of Contents ;
---------------------
  1. Legal Notice
  2. Analysis & Synthesis Summary
  3. Analysis & Synthesis Settings
  4. Parallel Compilation
  5. Analysis & Synthesis Source Files Read
  6. Analysis & Synthesis Resource Usage Summary
  7. Analysis & Synthesis Resource Utilization by Entity
  8. User-Specified and Inferred Latches
  9. General Register Statistics
 10. Multiplexer Restructuring Statistics (Restructuring Performed)
 11. Elapsed Time Per Partition
 12. Analysis & Synthesis Messages



----------------
; Legal Notice ;
----------------
Copyright (C) 1991-2013 Altera Corporation
Your use of Altera Corporation's design tools, logic functions 
and other software and tools, and its AMPP partner logic 
functions, and any output files from any of the foregoing 
(including device programming or simulation files), and any 
associated documentation or information are expressly subject 
to the terms and conditions of the Altera Program License 
Subscription Agreement, Altera MegaCore Function License 
Agreement, or other applicable license agreement, including, 
without limitation, that your use is for the sole purpose of 
programming logic devices manufactured by Altera and sold by 
Altera or its authorized distributors.  Please refer to the 
applicable agreement for further details.



+--------------------------------------------------------------------------------------+
; Analysis & Synthesis Summary                                                         ;
+------------------------------------+-------------------------------------------------+
<<<<<<< Updated upstream
; Analysis & Synthesis Status        ; Successful - Tue Mar 29 12:18:42 2022           ;
; Quartus II 64-Bit Version          ; 13.0.1 Build 232 06/12/2013 SP 1 SJ Web Edition ;
; Revision Name                      ; Exercise_5_6                                    ;
; Top-level Entity Name              ; guess_game_tester                               ;
; Family                             ; Cyclone II                                      ;
; Total logic elements               ; 71                                              ;
;     Total combinational functions  ; 71                                              ;
;     Dedicated logic registers      ; 0                                               ;
; Total registers                    ; 0                                               ;
; Total pins                         ; 25                                              ;
=======
; Analysis & Synthesis Status        ; Successful - Tue Mar 29 11:48:04 2022           ;
; Quartus II 64-Bit Version          ; 13.0.1 Build 232 06/12/2013 SP 1 SJ Web Edition ;
; Revision Name                      ; Exercise_5_6                                    ;
; Top-level Entity Name              ; One_digit_clock_tester                          ;
; Family                             ; Cyclone II                                      ;
; Total logic elements               ; 163                                             ;
;     Total combinational functions  ; 163                                             ;
;     Dedicated logic registers      ; 66                                              ;
; Total registers                    ; 66                                              ;
; Total pins                         ; 16                                              ;
>>>>>>> Stashed changes
; Total virtual pins                 ; 0                                               ;
; Total memory bits                  ; 0                                               ;
; Embedded Multiplier 9-bit elements ; 0                                               ;
; Total PLLs                         ; 0                                               ;
+------------------------------------+-------------------------------------------------+


<<<<<<< Updated upstream
+----------------------------------------------------------------------------------------------------------------------+
; Analysis & Synthesis Settings                                                                                        ;
+----------------------------------------------------------------------------+--------------------+--------------------+
; Option                                                                     ; Setting            ; Default Value      ;
+----------------------------------------------------------------------------+--------------------+--------------------+
; Device                                                                     ; EP2C35F672C6       ;                    ;
; Top-level entity name                                                      ; guess_game_tester  ; Exercise_5_6       ;
; Family name                                                                ; Cyclone II         ; Cyclone IV GX      ;
; Use smart compilation                                                      ; Off                ; Off                ;
; Enable parallel Assembler and TimeQuest Timing Analyzer during compilation ; On                 ; On                 ;
; Enable compact report table                                                ; Off                ; Off                ;
; Restructure Multiplexers                                                   ; Auto               ; Auto               ;
; Create Debugging Nodes for IP Cores                                        ; Off                ; Off                ;
; Preserve fewer node names                                                  ; On                 ; On                 ;
; Disable OpenCore Plus hardware evaluation                                  ; Off                ; Off                ;
; Verilog Version                                                            ; Verilog_2001       ; Verilog_2001       ;
; VHDL Version                                                               ; VHDL_1993          ; VHDL_1993          ;
; State Machine Processing                                                   ; Auto               ; Auto               ;
; Safe State Machine                                                         ; Off                ; Off                ;
; Extract Verilog State Machines                                             ; On                 ; On                 ;
; Extract VHDL State Machines                                                ; On                 ; On                 ;
; Ignore Verilog initial constructs                                          ; Off                ; Off                ;
; Iteration limit for constant Verilog loops                                 ; 5000               ; 5000               ;
; Iteration limit for non-constant Verilog loops                             ; 250                ; 250                ;
; Add Pass-Through Logic to Inferred RAMs                                    ; On                 ; On                 ;
; Infer RAMs from Raw Logic                                                  ; On                 ; On                 ;
; Parallel Synthesis                                                         ; On                 ; On                 ;
; DSP Block Balancing                                                        ; Auto               ; Auto               ;
; NOT Gate Push-Back                                                         ; On                 ; On                 ;
; Power-Up Don't Care                                                        ; On                 ; On                 ;
; Remove Redundant Logic Cells                                               ; Off                ; Off                ;
; Remove Duplicate Registers                                                 ; On                 ; On                 ;
; Ignore CARRY Buffers                                                       ; Off                ; Off                ;
; Ignore CASCADE Buffers                                                     ; Off                ; Off                ;
; Ignore GLOBAL Buffers                                                      ; Off                ; Off                ;
; Ignore ROW GLOBAL Buffers                                                  ; Off                ; Off                ;
; Ignore LCELL Buffers                                                       ; Off                ; Off                ;
; Ignore SOFT Buffers                                                        ; On                 ; On                 ;
; Limit AHDL Integers to 32 Bits                                             ; Off                ; Off                ;
; Optimization Technique                                                     ; Balanced           ; Balanced           ;
; Carry Chain Length                                                         ; 70                 ; 70                 ;
; Auto Carry Chains                                                          ; On                 ; On                 ;
; Auto Open-Drain Pins                                                       ; On                 ; On                 ;
; Perform WYSIWYG Primitive Resynthesis                                      ; Off                ; Off                ;
; Auto ROM Replacement                                                       ; On                 ; On                 ;
; Auto RAM Replacement                                                       ; On                 ; On                 ;
; Auto Shift Register Replacement                                            ; Auto               ; Auto               ;
; Allow Shift Register Merging across Hierarchies                            ; Auto               ; Auto               ;
; Auto Clock Enable Replacement                                              ; On                 ; On                 ;
; Strict RAM Replacement                                                     ; Off                ; Off                ;
; Allow Synchronous Control Signals                                          ; On                 ; On                 ;
; Force Use of Synchronous Clear Signals                                     ; Off                ; Off                ;
; Auto RAM to Logic Cell Conversion                                          ; Off                ; Off                ;
; Auto Resource Sharing                                                      ; Off                ; Off                ;
; Allow Any RAM Size For Recognition                                         ; Off                ; Off                ;
; Allow Any ROM Size For Recognition                                         ; Off                ; Off                ;
; Allow Any Shift Register Size For Recognition                              ; Off                ; Off                ;
; Use LogicLock Constraints during Resource Balancing                        ; On                 ; On                 ;
; Ignore translate_off and synthesis_off directives                          ; Off                ; Off                ;
; Timing-Driven Synthesis                                                    ; Off                ; Off                ;
; Report Parameter Settings                                                  ; On                 ; On                 ;
; Report Source Assignments                                                  ; On                 ; On                 ;
; Report Connectivity Checks                                                 ; On                 ; On                 ;
; Ignore Maximum Fan-Out Assignments                                         ; Off                ; Off                ;
; Synchronization Register Chain Length                                      ; 2                  ; 2                  ;
; PowerPlay Power Optimization                                               ; Normal compilation ; Normal compilation ;
; HDL message level                                                          ; Level2             ; Level2             ;
; Suppress Register Optimization Related Messages                            ; Off                ; Off                ;
; Number of Removed Registers Reported in Synthesis Report                   ; 5000               ; 5000               ;
; Number of Swept Nodes Reported in Synthesis Report                         ; 5000               ; 5000               ;
; Number of Inverted Registers Reported in Synthesis Report                  ; 100                ; 100                ;
; Clock MUX Protection                                                       ; On                 ; On                 ;
; Auto Gated Clock Conversion                                                ; Off                ; Off                ;
; Block Design Naming                                                        ; Auto               ; Auto               ;
; SDC constraint protection                                                  ; Off                ; Off                ;
; Synthesis Effort                                                           ; Auto               ; Auto               ;
; Shift Register Replacement - Allow Asynchronous Clear Signal               ; On                 ; On                 ;
; Pre-Mapping Resynthesis Optimization                                       ; Off                ; Off                ;
; Analysis & Synthesis Message Level                                         ; Medium             ; Medium             ;
; Disable Register Merging Across Hierarchies                                ; Auto               ; Auto               ;
; Resource Aware Inference For Block RAM                                     ; On                 ; On                 ;
; Synthesis Seed                                                             ; 1                  ; 1                  ;
+----------------------------------------------------------------------------+--------------------+--------------------+
=======
+--------------------------------------------------------------------------------------------------------------------------+
; Analysis & Synthesis Settings                                                                                            ;
+----------------------------------------------------------------------------+------------------------+--------------------+
; Option                                                                     ; Setting                ; Default Value      ;
+----------------------------------------------------------------------------+------------------------+--------------------+
; Device                                                                     ; EP2C35F672C6           ;                    ;
; Top-level entity name                                                      ; One_digit_clock_tester ; Exercise_5_6       ;
; Family name                                                                ; Cyclone II             ; Cyclone IV GX      ;
; Use smart compilation                                                      ; Off                    ; Off                ;
; Enable parallel Assembler and TimeQuest Timing Analyzer during compilation ; On                     ; On                 ;
; Enable compact report table                                                ; Off                    ; Off                ;
; Restructure Multiplexers                                                   ; Auto                   ; Auto               ;
; Create Debugging Nodes for IP Cores                                        ; Off                    ; Off                ;
; Preserve fewer node names                                                  ; On                     ; On                 ;
; Disable OpenCore Plus hardware evaluation                                  ; Off                    ; Off                ;
; Verilog Version                                                            ; Verilog_2001           ; Verilog_2001       ;
; VHDL Version                                                               ; VHDL_1993              ; VHDL_1993          ;
; State Machine Processing                                                   ; Auto                   ; Auto               ;
; Safe State Machine                                                         ; Off                    ; Off                ;
; Extract Verilog State Machines                                             ; On                     ; On                 ;
; Extract VHDL State Machines                                                ; On                     ; On                 ;
; Ignore Verilog initial constructs                                          ; Off                    ; Off                ;
; Iteration limit for constant Verilog loops                                 ; 5000                   ; 5000               ;
; Iteration limit for non-constant Verilog loops                             ; 250                    ; 250                ;
; Add Pass-Through Logic to Inferred RAMs                                    ; On                     ; On                 ;
; Infer RAMs from Raw Logic                                                  ; On                     ; On                 ;
; Parallel Synthesis                                                         ; On                     ; On                 ;
; DSP Block Balancing                                                        ; Auto                   ; Auto               ;
; NOT Gate Push-Back                                                         ; On                     ; On                 ;
; Power-Up Don't Care                                                        ; On                     ; On                 ;
; Remove Redundant Logic Cells                                               ; Off                    ; Off                ;
; Remove Duplicate Registers                                                 ; On                     ; On                 ;
; Ignore CARRY Buffers                                                       ; Off                    ; Off                ;
; Ignore CASCADE Buffers                                                     ; Off                    ; Off                ;
; Ignore GLOBAL Buffers                                                      ; Off                    ; Off                ;
; Ignore ROW GLOBAL Buffers                                                  ; Off                    ; Off                ;
; Ignore LCELL Buffers                                                       ; Off                    ; Off                ;
; Ignore SOFT Buffers                                                        ; On                     ; On                 ;
; Limit AHDL Integers to 32 Bits                                             ; Off                    ; Off                ;
; Optimization Technique                                                     ; Balanced               ; Balanced           ;
; Carry Chain Length                                                         ; 70                     ; 70                 ;
; Auto Carry Chains                                                          ; On                     ; On                 ;
; Auto Open-Drain Pins                                                       ; On                     ; On                 ;
; Perform WYSIWYG Primitive Resynthesis                                      ; Off                    ; Off                ;
; Auto ROM Replacement                                                       ; On                     ; On                 ;
; Auto RAM Replacement                                                       ; On                     ; On                 ;
; Auto Shift Register Replacement                                            ; Auto                   ; Auto               ;
; Allow Shift Register Merging across Hierarchies                            ; Auto                   ; Auto               ;
; Auto Clock Enable Replacement                                              ; On                     ; On                 ;
; Strict RAM Replacement                                                     ; Off                    ; Off                ;
; Allow Synchronous Control Signals                                          ; On                     ; On                 ;
; Force Use of Synchronous Clear Signals                                     ; Off                    ; Off                ;
; Auto RAM to Logic Cell Conversion                                          ; Off                    ; Off                ;
; Auto Resource Sharing                                                      ; Off                    ; Off                ;
; Allow Any RAM Size For Recognition                                         ; Off                    ; Off                ;
; Allow Any ROM Size For Recognition                                         ; Off                    ; Off                ;
; Allow Any Shift Register Size For Recognition                              ; Off                    ; Off                ;
; Use LogicLock Constraints during Resource Balancing                        ; On                     ; On                 ;
; Ignore translate_off and synthesis_off directives                          ; Off                    ; Off                ;
; Timing-Driven Synthesis                                                    ; Off                    ; Off                ;
; Report Parameter Settings                                                  ; On                     ; On                 ;
; Report Source Assignments                                                  ; On                     ; On                 ;
; Report Connectivity Checks                                                 ; On                     ; On                 ;
; Ignore Maximum Fan-Out Assignments                                         ; Off                    ; Off                ;
; Synchronization Register Chain Length                                      ; 2                      ; 2                  ;
; PowerPlay Power Optimization                                               ; Normal compilation     ; Normal compilation ;
; HDL message level                                                          ; Level2                 ; Level2             ;
; Suppress Register Optimization Related Messages                            ; Off                    ; Off                ;
; Number of Removed Registers Reported in Synthesis Report                   ; 5000                   ; 5000               ;
; Number of Swept Nodes Reported in Synthesis Report                         ; 5000                   ; 5000               ;
; Number of Inverted Registers Reported in Synthesis Report                  ; 100                    ; 100                ;
; Clock MUX Protection                                                       ; On                     ; On                 ;
; Auto Gated Clock Conversion                                                ; Off                    ; Off                ;
; Block Design Naming                                                        ; Auto                   ; Auto               ;
; SDC constraint protection                                                  ; Off                    ; Off                ;
; Synthesis Effort                                                           ; Auto                   ; Auto               ;
; Shift Register Replacement - Allow Asynchronous Clear Signal               ; On                     ; On                 ;
; Pre-Mapping Resynthesis Optimization                                       ; Off                    ; Off                ;
; Analysis & Synthesis Message Level                                         ; Medium                 ; Medium             ;
; Disable Register Merging Across Hierarchies                                ; Auto                   ; Auto               ;
; Resource Aware Inference For Block RAM                                     ; On                     ; On                 ;
; Synthesis Seed                                                             ; 1                      ; 1                  ;
+----------------------------------------------------------------------------+------------------------+--------------------+
>>>>>>> Stashed changes


Parallel compilation was disabled, but you have multiple processors available. Enable parallel compilation to reduce compilation time.
+-------------------------------------+
; Parallel Compilation                ;
+----------------------------+--------+
; Processors                 ; Number ;
+----------------------------+--------+
; Number detected on machine ; 12     ;
; Maximum allowed            ; 1      ;
+----------------------------+--------+


<<<<<<< Updated upstream
+-------------------------------------------------------------------------------------------------------------------------------------------------------------------+
; Analysis & Synthesis Source Files Read                                                                                                                            ;
+----------------------------------+-----------------+-----------------+----------------------------------------------------------------------------------+---------+
; File Name with User-Entered Path ; Used in Netlist ; File Type       ; File Name with Absolute Path                                                     ; Library ;
+----------------------------------+-----------------+-----------------+----------------------------------------------------------------------------------+---------+
; guess_game_tester.vhd            ; yes             ; User VHDL File  ; C:/Users/tobia/OneDrive/Dokumenter/GitHub/DSD/Exercise_4_5/guess_game_tester.vhd ;         ;
; mylatch.vhd                      ; yes             ; User VHDL File  ; C:/Users/tobia/OneDrive/Dokumenter/GitHub/DSD/Exercise_4_5/mylatch.vhd           ;         ;
; mux2.vhd                         ; yes             ; User VHDL File  ; C:/Users/tobia/OneDrive/Dokumenter/GitHub/DSD/Exercise_4_5/mux2.vhd              ;         ;
; mux1.vhd                         ; yes             ; User VHDL File  ; C:/Users/tobia/OneDrive/Dokumenter/GitHub/DSD/Exercise_4_5/mux1.vhd              ;         ;
; compare_logic.vhd                ; yes             ; User VHDL File  ; C:/Users/tobia/OneDrive/Dokumenter/GitHub/DSD/Exercise_4_5/compare_logic.vhd     ;         ;
; bin2hex.vhd                      ; yes             ; User VHDL File  ; C:/Users/tobia/OneDrive/Dokumenter/GitHub/DSD/Exercise_4_5/bin2hex.vhd           ;         ;
; guess_game.vhd                   ; yes             ; User VHDL File  ; C:/Users/tobia/OneDrive/Dokumenter/GitHub/DSD/Exercise_4_5/guess_game.vhd        ;         ;
+----------------------------------+-----------------+-----------------+----------------------------------------------------------------------------------+---------+


+------------------------------------------------------------------------------------------------+
; Analysis & Synthesis Resource Usage Summary                                                    ;
+---------------------------------------------+--------------------------------------------------+
; Resource                                    ; Usage                                            ;
+---------------------------------------------+--------------------------------------------------+
; Estimated Total logic elements              ; 71                                               ;
;                                             ;                                                  ;
; Total combinational functions               ; 71                                               ;
; Logic element usage by number of LUT inputs ;                                                  ;
;     -- 4 input functions                    ; 21                                               ;
;     -- 3 input functions                    ; 47                                               ;
;     -- <=2 input functions                  ; 3                                                ;
;                                             ;                                                  ;
; Logic elements by mode                      ;                                                  ;
;     -- normal mode                          ; 57                                               ;
;     -- arithmetic mode                      ; 14                                               ;
;                                             ;                                                  ;
; Total registers                             ; 0                                                ;
;     -- Dedicated logic registers            ; 0                                                ;
;     -- I/O registers                        ; 0                                                ;
;                                             ;                                                  ;
; I/O pins                                    ; 25                                               ;
; Embedded Multiplier 9-bit elements          ; 0                                                ;
; Maximum fan-out node                        ; guess_game:ggt|compare_logic:cl|compare_value[0] ;
; Maximum fan-out                             ; 15                                               ;
; Total fan-out                               ; 245                                              ;
; Average fan-out                             ; 2.55                                             ;
+---------------------------------------------+--------------------------------------------------+


+------------------------------------------------------------------------------------------------------------------------------------------------------------------------------------------------------------+
; Analysis & Synthesis Resource Utilization by Entity                                                                                                                                                        ;
+----------------------------+-------------------+--------------+-------------+--------------+---------+-----------+------+--------------+----------------------------------------------------+--------------+
; Compilation Hierarchy Node ; LC Combinationals ; LC Registers ; Memory Bits ; DSP Elements ; DSP 9x9 ; DSP 18x18 ; Pins ; Virtual Pins ; Full Hierarchy Name                                ; Library Name ;
+----------------------------+-------------------+--------------+-------------+--------------+---------+-----------+------+--------------+----------------------------------------------------+--------------+
; |guess_game_tester         ; 71 (0)            ; 0 (0)        ; 0           ; 0            ; 0       ; 0         ; 25   ; 0            ; |guess_game_tester                                 ; work         ;
;    |guess_game:ggt|        ; 71 (0)            ; 0 (0)        ; 0           ; 0            ; 0       ; 0         ; 0    ; 0            ; |guess_game_tester|guess_game:ggt                  ; work         ;
;       |bin2hex:b2h1|       ; 7 (7)             ; 0 (0)        ; 0           ; 0            ; 0       ; 0         ; 0    ; 0            ; |guess_game_tester|guess_game:ggt|bin2hex:b2h1     ; work         ;
;       |bin2hex:b2h2|       ; 7 (7)             ; 0 (0)        ; 0           ; 0            ; 0       ; 0         ; 0    ; 0            ; |guess_game_tester|guess_game:ggt|bin2hex:b2h2     ; work         ;
;       |compare_logic:cl|   ; 27 (27)           ; 0 (0)        ; 0           ; 0            ; 0       ; 0         ; 0    ; 0            ; |guess_game_tester|guess_game:ggt|compare_logic:cl ; work         ;
;       |mux1:mx1|           ; 8 (8)             ; 0 (0)        ; 0           ; 0            ; 0       ; 0         ; 0    ; 0            ; |guess_game_tester|guess_game:ggt|mux1:mx1         ; work         ;
;       |mux2:mx2|           ; 14 (14)           ; 0 (0)        ; 0           ; 0            ; 0       ; 0         ; 0    ; 0            ; |guess_game_tester|guess_game:ggt|mux2:mx2         ; work         ;
;       |mylatch:ml|         ; 8 (8)             ; 0 (0)        ; 0           ; 0            ; 0       ; 0         ; 0    ; 0            ; |guess_game_tester|guess_game:ggt|mylatch:ml       ; work         ;
+----------------------------+-------------------+--------------+-------------+--------------+---------+-----------+------+--------------+----------------------------------------------------+--------------+
=======
+---------------------------------------------------------------------------------------------------------------------------------------------------------------------------------------------+
; Analysis & Synthesis Source Files Read                                                                                                                                                      ;
+----------------------------------+-----------------+-----------------+------------------------------------------------------------------------------------------------------------+---------+
; File Name with User-Entered Path ; Used in Netlist ; File Type       ; File Name with Absolute Path                                                                               ; Library ;
+----------------------------------+-----------------+-----------------+------------------------------------------------------------------------------------------------------------+---------+
; clock_gen.vhd                    ; yes             ; User VHDL File  ; C:/Users/spott/OneDrive - Aarhus Universitet/Dokumenter/GitHub/DSD/Exercise_4_5/clock_gen.vhd              ;         ;
; One_digit_clock_tester.vhd       ; yes             ; User VHDL File  ; C:/Users/spott/OneDrive - Aarhus Universitet/Dokumenter/GitHub/DSD/Exercise_4_5/One_digit_clock_tester.vhd ;         ;
; multi_counter_tester.vhd         ; yes             ; User VHDL File  ; C:/Users/spott/OneDrive - Aarhus Universitet/Dokumenter/GitHub/DSD/Exercise_4_5/multi_counter_tester.vhd   ;         ;
; bin_to_7_segment.vhd             ; yes             ; User VHDL File  ; C:/Users/spott/OneDrive - Aarhus Universitet/Dokumenter/GitHub/DSD/Exercise_4_5/bin_to_7_segment.vhd       ;         ;
; multi_counter.vhd                ; yes             ; User VHDL File  ; C:/Users/spott/OneDrive - Aarhus Universitet/Dokumenter/GitHub/DSD/Exercise_4_5/multi_counter.vhd          ;         ;
+----------------------------------+-----------------+-----------------+------------------------------------------------------------------------------------------------------------+---------+


+------------------------------------------------------+
; Analysis & Synthesis Resource Usage Summary          ;
+---------------------------------------------+--------+
; Resource                                    ; Usage  ;
+---------------------------------------------+--------+
; Estimated Total logic elements              ; 163    ;
;                                             ;        ;
; Total combinational functions               ; 163    ;
; Logic element usage by number of LUT inputs ;        ;
;     -- 4 input functions                    ; 60     ;
;     -- 3 input functions                    ; 5      ;
;     -- <=2 input functions                  ; 98     ;
;                                             ;        ;
; Logic elements by mode                      ;        ;
;     -- normal mode                          ; 101    ;
;     -- arithmetic mode                      ; 62     ;
;                                             ;        ;
; Total registers                             ; 66     ;
;     -- Dedicated logic registers            ; 66     ;
;     -- I/O registers                        ; 0      ;
;                                             ;        ;
; I/O pins                                    ; 16     ;
; Embedded Multiplier 9-bit elements          ; 0      ;
; Maximum fan-out node                        ; KEY[3] ;
; Maximum fan-out                             ; 66     ;
; Total fan-out                               ; 655    ;
; Average fan-out                             ; 2.67   ;
+---------------------------------------------+--------+


+------------------------------------------------------------------------------------------------------------------------------------------------------------------------------------------------------+
; Analysis & Synthesis Resource Utilization by Entity                                                                                                                                                  ;
+----------------------------+-------------------+--------------+-------------+--------------+---------+-----------+------+--------------+----------------------------------------------+--------------+
; Compilation Hierarchy Node ; LC Combinationals ; LC Registers ; Memory Bits ; DSP Elements ; DSP 9x9 ; DSP 18x18 ; Pins ; Virtual Pins ; Full Hierarchy Name                          ; Library Name ;
+----------------------------+-------------------+--------------+-------------+--------------+---------+-----------+------+--------------+----------------------------------------------+--------------+
; |One_digit_clock_tester    ; 163 (0)           ; 66 (0)       ; 0           ; 0            ; 0       ; 0         ; 16   ; 0            ; |One_digit_clock_tester                      ; work         ;
;    |bin_to_7_segment:ssd|  ; 7 (7)             ; 0 (0)        ; 0           ; 0            ; 0       ; 0         ; 0    ; 0            ; |One_digit_clock_tester|bin_to_7_segment:ssd ; work         ;
;    |clock_gen:cge|         ; 80 (80)           ; 33 (33)      ; 0           ; 0            ; 0       ; 0         ; 0    ; 0            ; |One_digit_clock_tester|clock_gen:cge        ; work         ;
;    |multi_counter:mct|     ; 76 (76)           ; 33 (33)      ; 0           ; 0            ; 0       ; 0         ; 0    ; 0            ; |One_digit_clock_tester|multi_counter:mct    ; work         ;
+----------------------------+-------------------+--------------+-------------+--------------+---------+-----------+------+--------------+----------------------------------------------+--------------+
>>>>>>> Stashed changes
Note: For table entries with two numbers listed, the numbers in parentheses indicate the number of resources of the given type used by the specific entity alone. The numbers listed outside of parentheses indicate the total resources of the given type used by the specific entity and all of its sub-entities in the hierarchy.


+----------------------------------------------------------------------------------------------------+
; User-Specified and Inferred Latches                                                                ;
+-----------------------------------------------------+---------------------+------------------------+
; Latch Name                                          ; Latch Enable Signal ; Free of Timing Hazards ;
+-----------------------------------------------------+---------------------+------------------------+
; guess_game:ggt|compare_logic:cl|compare_value[0]    ; GND                 ; yes                    ;
; guess_game:ggt|compare_logic:cl|compare_value[1]    ; GND                 ; yes                    ;
; guess_game:ggt|mylatch:ml|secret_value[0]           ; KEY[0]              ; yes                    ;
; guess_game:ggt|mylatch:ml|secret_value[1]           ; KEY[0]              ; yes                    ;
; guess_game:ggt|mylatch:ml|secret_value[2]           ; KEY[0]              ; yes                    ;
; guess_game:ggt|mylatch:ml|secret_value[3]           ; KEY[0]              ; yes                    ;
; guess_game:ggt|mylatch:ml|secret_value[4]           ; KEY[0]              ; yes                    ;
; guess_game:ggt|mylatch:ml|secret_value[5]           ; KEY[0]              ; yes                    ;
; guess_game:ggt|mylatch:ml|secret_value[6]           ; KEY[0]              ; yes                    ;
; guess_game:ggt|mylatch:ml|secret_value[7]           ; KEY[0]              ; yes                    ;
; Number of user-specified and inferred latches = 10  ;                     ;                        ;
+-----------------------------------------------------+---------------------+------------------------+
Note: All latches listed above may not be present at the end of synthesis due to various synthesis optimizations.


+------------------------------------------------------+
; General Register Statistics                          ;
+----------------------------------------------+-------+
; Statistic                                    ; Value ;
+----------------------------------------------+-------+
<<<<<<< Updated upstream
; Total registers                              ; 0     ;
; Number of registers using Synchronous Clear  ; 0     ;
; Number of registers using Synchronous Load   ; 0     ;
; Number of registers using Asynchronous Clear ; 0     ;
=======
; Total registers                              ; 66    ;
; Number of registers using Synchronous Clear  ; 0     ;
; Number of registers using Synchronous Load   ; 0     ;
; Number of registers using Asynchronous Clear ; 65    ;
>>>>>>> Stashed changes
; Number of registers using Asynchronous Load  ; 0     ;
; Number of registers using Clock Enable       ; 1     ;
; Number of registers using Preset             ; 0     ;
+----------------------------------------------+-------+


+----------------------------------------------------------------------------------------------------------------------------------------------------------------+
; Multiplexer Restructuring Statistics (Restructuring Performed)                                                                                                 ;
+--------------------+-----------+---------------+----------------------+------------------------+------------+--------------------------------------------------+
; Multiplexer Inputs ; Bus Width ; Baseline Area ; Area if Restructured ; Saving if Restructured ; Registered ; Example Multiplexer Output                       ;
+--------------------+-----------+---------------+----------------------+------------------------+------------+--------------------------------------------------+
; 4:1                ; 10 bits   ; 20 LEs        ; 20 LEs               ; 0 LEs                  ; No         ; |guess_game_tester|guess_game:ggt|mux2:mx2|Mux11 ;
+--------------------+-----------+---------------+----------------------+------------------------+------------+--------------------------------------------------+


+-------------------------------+
; Elapsed Time Per Partition    ;
+----------------+--------------+
; Partition Name ; Elapsed Time ;
+----------------+--------------+
; Top            ; 00:00:00     ;
+----------------+--------------+


+-------------------------------+
; Analysis & Synthesis Messages ;
+-------------------------------+
Info: *******************************************************************
Info: Running Quartus II 64-Bit Analysis & Synthesis
    Info: Version 13.0.1 Build 232 06/12/2013 Service Pack 1 SJ Web Edition
<<<<<<< Updated upstream
    Info: Processing started: Tue Mar 29 12:18:40 2022
Info: Command: quartus_map --read_settings_files=on --write_settings_files=off Exercise_5_6 -c Exercise_5_6
Warning (20028): Parallel compilation is not licensed and has been disabled
Info (12021): Found 2 design units, including 1 entities, in source file guess_game_tester.vhd
    Info (12022): Found design unit 1: guess_game_tester-guess_game_tester_imp
    Info (12023): Found entity 1: guess_game_tester
Info (12021): Found 2 design units, including 1 entities, in source file mylatch.vhd
    Info (12022): Found design unit 1: mylatch-mylatch_impl
    Info (12023): Found entity 1: mylatch
Info (12021): Found 2 design units, including 1 entities, in source file mux2.vhd
    Info (12022): Found design unit 1: mux2-mux2_impl
    Info (12023): Found entity 1: mux2
Info (12021): Found 2 design units, including 1 entities, in source file mux1.vhd
    Info (12022): Found design unit 1: mux1-mux1_impl
    Info (12023): Found entity 1: mux1
Info (12021): Found 2 design units, including 1 entities, in source file compare_logic.vhd
    Info (12022): Found design unit 1: compare_logic-compare_logic_impl
    Info (12023): Found entity 1: compare_logic
Info (12021): Found 2 design units, including 1 entities, in source file bin2hex.vhd
    Info (12022): Found design unit 1: bin2hex-bin2hex_impl
    Info (12023): Found entity 1: bin2hex
Info (12021): Found 2 design units, including 1 entities, in source file guess_game.vhd
    Info (12022): Found design unit 1: guess_game-guess_game_impl
    Info (12023): Found entity 1: guess_game
Info (12127): Elaborating entity "guess_game_tester" for the top level hierarchy
Info (12129): Elaborating entity "guess_game" using architecture "A:guess_game_impl" for hierarchy "guess_game:ggt"
Info (12129): Elaborating entity "mylatch" using architecture "A:mylatch_impl" for hierarchy "guess_game:ggt|mylatch:ml"
Warning (10631): VHDL Process Statement warning at mylatch.vhd(15): inferring latch(es) for signal or variable "secret_value", which holds its previous value in one or more paths through the process
Info (10041): Inferred latch for "secret_value[0]" at mylatch.vhd(15)
Info (10041): Inferred latch for "secret_value[1]" at mylatch.vhd(15)
Info (10041): Inferred latch for "secret_value[2]" at mylatch.vhd(15)
Info (10041): Inferred latch for "secret_value[3]" at mylatch.vhd(15)
Info (10041): Inferred latch for "secret_value[4]" at mylatch.vhd(15)
Info (10041): Inferred latch for "secret_value[5]" at mylatch.vhd(15)
Info (10041): Inferred latch for "secret_value[6]" at mylatch.vhd(15)
Info (10041): Inferred latch for "secret_value[7]" at mylatch.vhd(15)
Info (12129): Elaborating entity "compare_logic" using architecture "A:compare_logic_impl" for hierarchy "guess_game:ggt|compare_logic:cl"
Warning (10631): VHDL Process Statement warning at compare_logic.vhd(15): inferring latch(es) for signal or variable "compare_value", which holds its previous value in one or more paths through the process
Info (10041): Inferred latch for "compare_value[0]" at compare_logic.vhd(15)
Info (10041): Inferred latch for "compare_value[1]" at compare_logic.vhd(15)
Info (12129): Elaborating entity "mux1" using architecture "A:mux1_impl" for hierarchy "guess_game:ggt|mux1:mx1"
Info (12129): Elaborating entity "bin2hex" using architecture "A:bin2hex_impl" for hierarchy "guess_game:ggt|bin2hex:b2h1"
Info (12129): Elaborating entity "mux2" using architecture "A:mux2_impl" for hierarchy "guess_game:ggt|mux2:mx2"
Info (16010): Generating hard_block partition "hard_block:auto_generated_inst"
    Info (16011): Adding 0 node(s), including 0 DDIO, 0 PLL, 0 transceiver and 0 LCELL
Info (21057): Implemented 96 device resources after synthesis - the final resource count might be different
    Info (21058): Implemented 11 input pins
    Info (21059): Implemented 14 output pins
    Info (21061): Implemented 71 logic cells
Info: Quartus II 64-Bit Analysis & Synthesis was successful. 0 errors, 3 warnings
    Info: Peak virtual memory: 4656 megabytes
    Info: Processing ended: Tue Mar 29 12:18:42 2022
    Info: Elapsed time: 00:00:02
    Info: Total CPU time (on all processors): 00:00:02
=======
    Info: Processing started: Tue Mar 29 11:48:01 2022
Info: Command: quartus_map --read_settings_files=on --write_settings_files=off Exercise_5_6 -c Exercise_5_6
Warning (20028): Parallel compilation is not licensed and has been disabled
Info (12021): Found 2 design units, including 1 entities, in source file clock_gen.vhd
    Info (12022): Found design unit 1: clock_gen-clock_gen_impl
    Info (12023): Found entity 1: clock_gen
Info (12021): Found 2 design units, including 1 entities, in source file one_digit_clock_tester.vhd
    Info (12022): Found design unit 1: One_digit_clock_tester-One_digit_clock_tester_impl
    Info (12023): Found entity 1: One_digit_clock_tester
Info (12021): Found 2 design units, including 1 entities, in source file multi_counter_tester.vhd
    Info (12022): Found design unit 1: multi_counter_tester-multi_counter_tester_impl
    Info (12023): Found entity 1: multi_counter_tester
Info (12021): Found 2 design units, including 1 entities, in source file bin_to_7_segment.vhd
    Info (12022): Found design unit 1: bin_to_7_segment-bin_to_7_segment_impl
    Info (12023): Found entity 1: bin_to_7_segment
Info (12021): Found 2 design units, including 1 entities, in source file multi_counter.vhd
    Info (12022): Found design unit 1: multi_counter-multi_counter_impl
    Info (12023): Found entity 1: multi_counter
Info (12127): Elaborating entity "One_digit_clock_tester" for the top level hierarchy
Warning (10873): Using initial value X (don't care) for net "LEDR[1]" at One_digit_clock_tester.vhd(13)
Info (12129): Elaborating entity "clock_gen" using architecture "A:clock_gen_impl" for hierarchy "clock_gen:cge"
Info (12129): Elaborating entity "multi_counter" using architecture "A:multi_counter_impl" for hierarchy "multi_counter:mct"
Info (12129): Elaborating entity "bin_to_7_segment" using architecture "A:bin_to_7_segment_impl" for hierarchy "bin_to_7_segment:ssd"
Warning (13024): Output pins are stuck at VCC or GND
    Warning (13410): Pin "LEDR[1]" is stuck at GND
Info (16010): Generating hard_block partition "hard_block:auto_generated_inst"
    Info (16011): Adding 0 node(s), including 0 DDIO, 0 PLL, 0 transceiver and 0 LCELL
Warning (21074): Design contains 2 input pin(s) that do not drive logic
    Warning (15610): No output dependent on input pin "KEY[1]"
    Warning (15610): No output dependent on input pin "KEY[2]"
Info (21057): Implemented 182 device resources after synthesis - the final resource count might be different
    Info (21058): Implemented 7 input pins
    Info (21059): Implemented 9 output pins
    Info (21061): Implemented 166 logic cells
Info: Quartus II 64-Bit Analysis & Synthesis was successful. 0 errors, 7 warnings
    Info: Peak virtual memory: 4653 megabytes
    Info: Processing ended: Tue Mar 29 11:48:04 2022
    Info: Elapsed time: 00:00:03
    Info: Total CPU time (on all processors): 00:00:03
>>>>>>> Stashed changes


