EDA Netlist Writer report for Exercise_6
Tue Apr 19 10:35:34 2022
Quartus II 64-Bit Version 13.0.1 Build 232 06/12/2013 Service Pack 1 SJ Web Edition


---------------------
; Table of Contents ;
---------------------
  1. Legal Notice
  2. EDA Netlist Writer Summary
  3. EDA Netlist Writer Messages



----------------
; Legal Notice ;
----------------
Copyright (C) 1991-2013 Altera Corporation
Your use of Altera Corporation's design tools, logic functions 
and other software and tools, and its AMPP partner logic 
functions, and any output files from any of the foregoing 
(including device programming or simulation files), and any 
associated documentation or information are expressly subject 
to the terms and conditions of the Altera Program License 
Subscription Agreement, Altera MegaCore Function License 
Agreement, or other applicable license agreement, including, 
without limitation, that your use is for the sole purpose of 
programming logic devices manufactured by Altera and sold by 
Altera or its authorized distributors.  Please refer to the 
applicable agreement for further details.



+---------------------------------------------------------------+
; EDA Netlist Writer Summary                                    ;
+---------------------------+-----------------------------------+
; EDA Netlist Writer Status ; Failed - Tue Apr 19 10:35:34 2022 ;
; Revision Name             ; Exercise_6                        ;
; Top-level Entity Name     ; One_digit_clock_tester            ;
; Family                    ; Cyclone II                        ;
+---------------------------+-----------------------------------+


+-----------------------------+
; EDA Netlist Writer Messages ;
+-----------------------------+
Info: *******************************************************************
Info: Running Quartus II 64-Bit EDA Netlist Writer
    Info: Version 13.0.1 Build 232 06/12/2013 Service Pack 1 SJ Web Edition
    Info: Processing started: Tue Apr 19 10:35:33 2022
Info: Command: quartus_eda --gen_testbench --check_outputs=on --tool=modelsim_oem --format=verilog Exercise_6 -c Exercise_6 --vector_source="C:/Users/spott/OneDrive - Aarhus Universitet/Dokumenter/GitHub/DSD/Exercise_6/output_files/Waveform.vwf" --testbench_file=./simulation/qsim/Exercise_6.vt
Error (201009): Bus port "LEDR" specified in vector source file has width of 2, which does not match width 18 of top level port of same name
Error (201009): Bus port "SW" specified in vector source file has width of 2, which does not match width 18 of top level port of same name
Warning (201007): Can't find port "SW[1]" in design
Warning (201007): Can't find port "SW[0]" in design
Error (201009): Bus port "LEDR" specified in vector source file has width of 2, which does not match width 18 of top level port of same name
Error (201009): Bus port "SW" specified in vector source file has width of 2, which does not match width 18 of top level port of same name
Warning (201007): Can't find port "SW[1]" in design
Warning (201007): Can't find port "SW[0]" in design
Error (201009): Bus port "SW" specified in vector source file has width of 2, which does not match width 18 of top level port of same name
Warning (201007): Can't find port "SW[1]" in design
Warning (201007): Can't find port "SW[0]" in design
Info (201000): Generated Verilog Test Bench File ./simulation/qsim/Exercise_6.vt for simulation
Error: Quartus II 64-Bit EDA Netlist Writer was unsuccessful. 5 errors, 6 warnings
    Error: Peak virtual memory: 4514 megabytes
    Error: Processing ended: Tue Apr 19 10:35:34 2022
    Error: Elapsed time: 00:00:01
    Error: Total CPU time (on all processors): 00:00:01


